Using pre-set license
Built from '2021.1/release' branch; Version is '2021.1.16f1 (5fa502fca597) revision 6268162'; Using compiler version '192528614'; Build Type 'Release'
OS: 'Windows 10 Home Single Language; OS build 19043.1348; Version 2009; 64bit' Language: 'en' Physical Memory: 8036 MB
BatchMode: 1, IsHumanControllingUs: 0, StartBugReporterOnCrash: 0, Is64bit: 1, IsPro: 0

 COMMAND LINE ARGUMENTS:
D:\Programs\Unity\Unity\Unity 2021.1.16f1\Editor\Unity.exe
-adb2
-batchMode
-noUpm
-name
AssetImportWorker2
-projectPath
D:/Programs/Unity/Unity Project/Roguelike Shooting/shooting-roguelike
-logFile
Logs/AssetImportWorker2.log
-srvPort
50042
Successfully changed project path to: D:/Programs/Unity/Unity Project/Roguelike Shooting/shooting-roguelike
D:/Programs/Unity/Unity Project/Roguelike Shooting/shooting-roguelike
Using Asset Import Pipeline V2.
Refreshing native plugins compatible for Editor in 145.04 ms, found 4 plugins.
Preloading 0 native plugins for Editor in 0.00 ms.
Initialize engine version: 2021.1.16f1 (5fa502fca597)
[Subsystems] Discovering subsystems at path D:/Programs/Unity/Unity/Unity 2021.1.16f1/Editor/Data/Resources/UnitySubsystems
[Subsystems] Discovering subsystems at path D:/Programs/Unity/Unity Project/Roguelike Shooting/shooting-roguelike/Assets
GfxDevice: creating device client; threaded=0; jobified=0
Direct3D:
    Version:  Direct3D 11.0 [level 11.1]
    Renderer: NVIDIA GeForce GTX 1650 with Max-Q Design (ID=0x1f99)
    Vendor:   NVIDIA
    VRAM:     3962 MB
    Driver:   30.0.14.7196
Initialize mono
Mono path[0] = 'D:/Programs/Unity/Unity/Unity 2021.1.16f1/Editor/Data/Managed'
Mono path[1] = 'D:/Programs/Unity/Unity/Unity 2021.1.16f1/Editor/Data/MonoBleedingEdge/lib/mono/unityjit'
Mono config path = 'D:/Programs/Unity/Unity/Unity 2021.1.16f1/Editor/Data/MonoBleedingEdge/etc'
Using monoOptions --debugger-agent=transport=dt_socket,embedding=1,server=y,suspend=n,address=127.0.0.1:56916
Begin MonoManager ReloadAssembly
Registering precompiled unity dll's ...
Register platform support module: D:/Programs/Unity/Unity/Unity 2021.1.16f1/Editor/Data/PlaybackEngines/WindowsStandaloneSupport/UnityEditor.WindowsStandalone.Extensions.dll
Registered in 0.002234 seconds.
Native extension for WindowsStandalone target not found
Refreshing native plugins compatible for Editor in 141.70 ms, found 4 plugins.
Preloading 0 native plugins for Editor in 0.00 ms.
Mono: successfully reloaded assembly
- Completed reload, in  2.572 seconds
Domain Reload Profiling:
	ReloadAssembly (2572ms)
		BeginReloadAssembly (100ms)
			ExecutionOrderSort (0ms)
			DisableScriptedObjects (0ms)
			BackupInstance (0ms)
			ReleaseScriptingObjects (0ms)
			CreateAndSetChildDomain (1ms)
		EndReloadAssembly (541ms)
			LoadAssemblies (100ms)
			RebuildTransferFunctionScriptingTraits (0ms)
			SetupTypeCache (160ms)
			ReleaseScriptCaches (0ms)
			RebuildScriptCaches (30ms)
			SetupLoadedEditorAssemblies (309ms)
				LogAssemblyErrors (0ms)
				InitializePlatformSupportModulesInManaged (5ms)
				SetLoadedEditorAssemblies (0ms)
				RefreshPlugins (142ms)
				BeforeProcessingInitializeOnLoad (1ms)
				ProcessInitializeOnLoadAttributes (122ms)
				ProcessInitializeOnLoadMethodAttributes (38ms)
				AfterProcessingInitializeOnLoad (0ms)
				EditorAssembliesLoaded (0ms)
			ExecutionOrderSort2 (0ms)
			AwakeInstancesAfterBackupRestoration (0ms)
Platform modules already initialized, skipping
Registering precompiled user dll's ...
Registered in 0.014419 seconds.
Begin MonoManager ReloadAssembly
Symbol file LoadedFromMemory doesn't match image D:\Programs\Unity\Unity Project\Roguelike Shooting\shooting-roguelike\Library\PackageCache\com.unity.visualscripting@1.6.1\Editor\VisualScripting.Core\Dependencies\YamlDotNet\Unity.VisualScripting.YamlDotNet.dll
Symbol file LoadedFromMemory doesn't match image D:\Programs\Unity\Unity Project\Roguelike Shooting\shooting-roguelike\Library\PackageCache\com.unity.visualscripting@1.6.1\Editor\VisualScripting.Core\Dependencies\DotNetZip\Unity.VisualScripting.IonicZip.dll
Native extension for WindowsStandalone target not found
Refreshing native plugins compatible for Editor in 138.32 ms, found 4 plugins.
Preloading 0 native plugins for Editor in 0.00 ms.
Mono: successfully reloaded assembly
- Completed reload, in  1.614 seconds
Domain Reload Profiling:
	ReloadAssembly (1615ms)
		BeginReloadAssembly (174ms)
			ExecutionOrderSort (0ms)
			DisableScriptedObjects (4ms)
			BackupInstance (0ms)
			ReleaseScriptingObjects (0ms)
			CreateAndSetChildDomain (34ms)
		EndReloadAssembly (1368ms)
			LoadAssemblies (161ms)
			RebuildTransferFunctionScriptingTraits (0ms)
			SetupTypeCache (398ms)
			ReleaseScriptCaches (1ms)
			RebuildScriptCaches (61ms)
			SetupLoadedEditorAssemblies (658ms)
				LogAssemblyErrors (0ms)
				InitializePlatformSupportModulesInManaged (4ms)
				SetLoadedEditorAssemblies (0ms)
				RefreshPlugins (138ms)
				BeforeProcessingInitializeOnLoad (118ms)
				ProcessInitializeOnLoadAttributes (377ms)
				ProcessInitializeOnLoadMethodAttributes (17ms)
				AfterProcessingInitializeOnLoad (2ms)
				EditorAssembliesLoaded (0ms)
			ExecutionOrderSort2 (0ms)
			AwakeInstancesAfterBackupRestoration (6ms)
Platform modules already initialized, skipping
========================================================================
Worker process is ready to serve import requests
Launched and connected shader compiler UnityShaderCompiler.exe after 0.04 seconds
Refreshing native plugins compatible for Editor in 1.10 ms, found 4 plugins.
Preloading 0 native plugins for Editor in 0.00 ms.
Unloading 4820 Unused Serialized files (Serialized files now loaded: 0)
System memory in use before: 185.4 MB.
System memory in use after: 185.5 MB.

Unloading 36 unused Assets to reduce memory usage. Loaded Objects now: 5270.
Total: 5.162400 ms (FindLiveObjects: 0.632400 ms CreateObjectMapping: 0.213900 ms MarkObjects: 4.171200 ms  DeleteObjects: 0.142300 ms)

AssetImportParameters requested are different than current active one (requested -> active):
  custom:framework-win-MediaFoundation: 216162199b28c13a410421893ffa2e32 -> 
  custom:video-decoder-ogg-theora: a1e56fd34408186e4bbccfd4996cb3dc -> 
  custom:container-muxer-webm: aa71ff27fc2769a1b78a27578f13a17b -> 
  custom:container-demuxer-webm: 4f35f7cbe854078d1ac9338744f61a02 -> 
  custom:container-demuxer-ogg: 62fdf1f143b41e24485cea50d1cbac27 -> 
  custom:video-encoder-webm-vp8: eb34c28f22e8b96e1ab97ce403110664 -> 
  custom:video-decoder-webm-vp8: 9c59270c3fd7afecdb556c50c9e8de78 -> 
  custom:audio-decoder-ogg-vorbis: bf7c407c2cedff20999df2af8eb42d56 -> 
  custom:audio-encoder-webm-vorbis: bf7c407c2cedff20999df2af8eb42d56 -> 
========================================================================
Received Import Request.
  path: Assets/Prefabs/Rooms/Room Center/Room Libary/Level 1/Room Center 1(4).prefab
  artifactKey: Guid(c06f7cfe6b551be4682753457af636b4) Importer(815301076,1909f56bfc062723c751e8b465ee728b)
Start importing Assets/Prefabs/Rooms/Room Center/Room Libary/Level 1/Room Center 1(4).prefab using Guid(c06f7cfe6b551be4682753457af636b4) Importer(815301076,1909f56bfc062723c751e8b465ee728b)  -> (artifact id: '00ea012c9dfd3c03578e733b69c5f1c7') in 0.136966 seconds 
========================================================================
Received Import Request.
  Time since last request: 0.000300 seconds.
  path: Assets/Prefabs/Rooms/Room Center/Room Libary/Level 1/Room Center 1(12).prefab
  artifactKey: Guid(87049e6cb7c2e504588e8d91b7199d6f) Importer(815301076,1909f56bfc062723c751e8b465ee728b)
Start importing Assets/Prefabs/Rooms/Room Center/Room Libary/Level 1/Room Center 1(12).prefab using Guid(87049e6cb7c2e504588e8d91b7199d6f) Importer(815301076,1909f56bfc062723c751e8b465ee728b)  -> (artifact id: '5a09611a7b0b5d92f7a1be65cc591c29') in 0.014021 seconds 
========================================================================
Received Import Request.
  Time since last request: 0.000262 seconds.
  path: Assets/Prefabs/Rooms/Room Center/Room Libary/Level 1/Room Center 1(2).prefab
  artifactKey: Guid(1fcc87a2cb26acc4c8b467d00676dad1) Importer(815301076,1909f56bfc062723c751e8b465ee728b)
Start importing Assets/Prefabs/Rooms/Room Center/Room Libary/Level 1/Room Center 1(2).prefab using Guid(1fcc87a2cb26acc4c8b467d00676dad1) Importer(815301076,1909f56bfc062723c751e8b465ee728b)  -> (artifact id: 'b5d57f40048d98de7777404a0a17d926') in 0.016796 seconds 
========================================================================
Received Import Request.
  Time since last request: 0.000231 seconds.
  path: Assets/Prefabs/Rooms/Room Center/Room Libary/Level 1/Room Center 1(3).prefab
  artifactKey: Guid(cdf0a6080bfada44d90d91e8642b9039) Importer(815301076,1909f56bfc062723c751e8b465ee728b)
Start importing Assets/Prefabs/Rooms/Room Center/Room Libary/Level 1/Room Center 1(3).prefab using Guid(cdf0a6080bfada44d90d91e8642b9039) Importer(815301076,1909f56bfc062723c751e8b465ee728b)  -> (artifact id: 'f942a805565b651fd6a459f6dc5bc374') in 0.011891 seconds 
========================================================================
Received Import Request.
  Time since last request: 0.000265 seconds.
  path: Assets/Prefabs/Rooms/Room Center/Room Libary/Level 1/Room Center 1(13).prefab
  artifactKey: Guid(ce0cba69ba6179647a56874a6012d377) Importer(815301076,1909f56bfc062723c751e8b465ee728b)
Start importing Assets/Prefabs/Rooms/Room Center/Room Libary/Level 1/Room Center 1(13).prefab using Guid(ce0cba69ba6179647a56874a6012d377) Importer(815301076,1909f56bfc062723c751e8b465ee728b)  -> (artifact id: '6d3cc0d02ef4892f5fc48c0f14d29230') in 0.015523 seconds 
========================================================================
Received Import Request.
  Time since last request: 0.000313 seconds.
  path: Assets/Prefabs/Rooms/Room Center/Room Libary/Level 1/Room Center 1(6).prefab
  artifactKey: Guid(5002b4e1bef98034d8f764756a9214ae) Importer(815301076,1909f56bfc062723c751e8b465ee728b)
Start importing Assets/Prefabs/Rooms/Room Center/Room Libary/Level 1/Room Center 1(6).prefab using Guid(5002b4e1bef98034d8f764756a9214ae) Importer(815301076,1909f56bfc062723c751e8b465ee728b)  -> (artifact id: '9bbf46dc70e6c29a6e176aa435b016b7') in 0.016963 seconds 
========================================================================
Received Import Request.
  Time since last request: 0.000249 seconds.
  path: Assets/Prefabs/Rooms/Room Center/Room Libary/Level 1/Room Center 1(11).prefab
  artifactKey: Guid(ff0262c4da019cd4b9f5faa4ee807fa4) Importer(815301076,1909f56bfc062723c751e8b465ee728b)
Start importing Assets/Prefabs/Rooms/Room Center/Room Libary/Level 1/Room Center 1(11).prefab using Guid(ff0262c4da019cd4b9f5faa4ee807fa4) Importer(815301076,1909f56bfc062723c751e8b465ee728b)  -> (artifact id: '6e2051797c5049368ad802316e0dcbf1') in 0.015842 seconds 
========================================================================
Received Import Request.
  Time since last request: 0.000250 seconds.
  path: Assets/Prefabs/Rooms/Room Center/Room Libary/Level 1/Room Center 1(19).prefab
  artifactKey: Guid(c874f0da2805ee044b8563f14f1303cd) Importer(815301076,1909f56bfc062723c751e8b465ee728b)
Start importing Assets/Prefabs/Rooms/Room Center/Room Libary/Level 1/Room Center 1(19).prefab using Guid(c874f0da2805ee044b8563f14f1303cd) Importer(815301076,1909f56bfc062723c751e8b465ee728b)  -> (artifact id: '980fdb23f8e16fa66c29bdd6fdf15c2b') in 0.016136 seconds 
========================================================================
Received Import Request.
  Time since last request: 0.000217 seconds.
  path: Assets/Prefabs/Rooms/Room Center/Room Libary/Level 1/Room Center 1(5).prefab
  artifactKey: Guid(33bb699bc4f7ccf458cbf2242bf7d839) Importer(815301076,1909f56bfc062723c751e8b465ee728b)
Start importing Assets/Prefabs/Rooms/Room Center/Room Libary/Level 1/Room Center 1(5).prefab using Guid(33bb699bc4f7ccf458cbf2242bf7d839) Importer(815301076,1909f56bfc062723c751e8b465ee728b)  -> (artifact id: 'e46539601c654fde29b6351b02dc4ea8') in 0.015206 seconds 
========================================================================
Received Import Request.
  Time since last request: 0.000289 seconds.
  path: Assets/Prefabs/Rooms/Room Center/Room Libary/Level 1/Room Center 1(20).prefab
  artifactKey: Guid(71395811dba87e94184418711e413982) Importer(815301076,1909f56bfc062723c751e8b465ee728b)
Start importing Assets/Prefabs/Rooms/Room Center/Room Libary/Level 1/Room Center 1(20).prefab using Guid(71395811dba87e94184418711e413982) Importer(815301076,1909f56bfc062723c751e8b465ee728b)  -> (artifact id: '2a9c5a839420f00648145f8d73375c34') in 0.016707 seconds 
========================================================================
Received Import Request.
  Time since last request: 0.000311 seconds.
  path: Assets/Prefabs/Rooms/Room Center/Room Libary/Level 1/Room Center 1(17).prefab
  artifactKey: Guid(8cb620be48629a14da52a69371a70207) Importer(815301076,1909f56bfc062723c751e8b465ee728b)
Start importing Assets/Prefabs/Rooms/Room Center/Room Libary/Level 1/Room Center 1(17).prefab using Guid(8cb620be48629a14da52a69371a70207) Importer(815301076,1909f56bfc062723c751e8b465ee728b)  -> (artifact id: 'aadbece38179418c28d04a943593e529') in 0.017320 seconds 
========================================================================
Received Import Request.
  Time since last request: 0.000264 seconds.
  path: Assets/Prefabs/Rooms/Room Center/Room Libary/Level 1/Room Center 1(1).prefab
  artifactKey: Guid(6ed330869f8875142a987ed5e330412c) Importer(815301076,1909f56bfc062723c751e8b465ee728b)
Start importing Assets/Prefabs/Rooms/Room Center/Room Libary/Level 1/Room Center 1(1).prefab using Guid(6ed330869f8875142a987ed5e330412c) Importer(815301076,1909f56bfc062723c751e8b465ee728b)  -> (artifact id: '869b6feda28c893e930c43a911347a38') in 0.035785 seconds 
========================================================================
Received Import Request.
  Time since last request: 0.000304 seconds.
  path: Assets/Prefabs/Rooms/Room Center/Room Libary/Level 1/Room Center 1(15).prefab
  artifactKey: Guid(4f49adb2f05638a4a8a3a2b8b321ecdc) Importer(815301076,1909f56bfc062723c751e8b465ee728b)
Start importing Assets/Prefabs/Rooms/Room Center/Room Libary/Level 1/Room Center 1(15).prefab using Guid(4f49adb2f05638a4a8a3a2b8b321ecdc) Importer(815301076,1909f56bfc062723c751e8b465ee728b)  -> (artifact id: '52d26a01cae68b54abdec0299451fa76') in 0.014280 seconds 
========================================================================
Received Import Request.
  Time since last request: 0.000281 seconds.
  path: Assets/Prefabs/Rooms/Room Center/Room Libary/Level 1/Room Center 1(18).prefab
  artifactKey: Guid(c42b4112af37c9742a53484fbe4d6f39) Importer(815301076,1909f56bfc062723c751e8b465ee728b)
Start importing Assets/Prefabs/Rooms/Room Center/Room Libary/Level 1/Room Center 1(18).prefab using Guid(c42b4112af37c9742a53484fbe4d6f39) Importer(815301076,1909f56bfc062723c751e8b465ee728b)  -> (artifact id: 'cba4dbd7cbf5c1338207f2594e031f4b') in 0.014726 seconds 
========================================================================
Received Import Request.
  Time since last request: 0.000258 seconds.
  path: Assets/Prefabs/Rooms/Room Center/Room Libary/Level 1/Room Center 1(16).prefab
  artifactKey: Guid(0a26a6e82a8299c4fb1fe3214ca542fc) Importer(815301076,1909f56bfc062723c751e8b465ee728b)
Start importing Assets/Prefabs/Rooms/Room Center/Room Libary/Level 1/Room Center 1(16).prefab using Guid(0a26a6e82a8299c4fb1fe3214ca542fc) Importer(815301076,1909f56bfc062723c751e8b465ee728b)  -> (artifact id: 'eef7d0ae860601baa2ac32a598ed4986') in 0.013630 seconds 
========================================================================
Received Import Request.
  Time since last request: 0.000237 seconds.
  path: Assets/Prefabs/Rooms/Room Center/Room Libary/Level 1/Room Center 1(14).prefab
  artifactKey: Guid(e25d659432839e24cafe7eb983133067) Importer(815301076,1909f56bfc062723c751e8b465ee728b)
Start importing Assets/Prefabs/Rooms/Room Center/Room Libary/Level 1/Room Center 1(14).prefab using Guid(e25d659432839e24cafe7eb983133067) Importer(815301076,1909f56bfc062723c751e8b465ee728b)  -> (artifact id: '4a1abd8797e524765aba1d029943e8f5') in 0.013591 seconds 
========================================================================
Received Import Request.
  Time since last request: 0.000283 seconds.
  path: Assets/Prefabs/Rooms/Room Center/Room Libary/Level 1/Room Center 1(10).prefab
  artifactKey: Guid(dffeb4fc6c2609a48919906b16a776ca) Importer(815301076,1909f56bfc062723c751e8b465ee728b)
Start importing Assets/Prefabs/Rooms/Room Center/Room Libary/Level 1/Room Center 1(10).prefab using Guid(dffeb4fc6c2609a48919906b16a776ca) Importer(815301076,1909f56bfc062723c751e8b465ee728b)  -> (artifact id: '9a8f777d712c3b0f7e11c11ec549c803') in 0.015042 seconds 
========================================================================
Received Import Request.
  Time since last request: 344.877003 seconds.
  path: Assets/Prefabs/Rooms/Room Center/Room Libary/Level 6/Room Center 6(1).prefab
  artifactKey: Guid(14cdc56ed66ac934285a8d9bb42c7f02) Importer(815301076,1909f56bfc062723c751e8b465ee728b)
Start importing Assets/Prefabs/Rooms/Room Center/Room Libary/Level 6/Room Center 6(1).prefab using Guid(14cdc56ed66ac934285a8d9bb42c7f02) Importer(815301076,1909f56bfc062723c751e8b465ee728b)  -> (artifact id: '66349c5a2916cd088cc744fc33d389ff') in 0.020392 seconds 
========================================================================
Received Import Request.
  Time since last request: 0.000231 seconds.
  path: Assets/Prefabs/Rooms/Room Center/Room Libary/Level 6/Room Center 6(12).prefab
  artifactKey: Guid(8dcbd277b83a704419dd6b01c630fd97) Importer(815301076,1909f56bfc062723c751e8b465ee728b)
Start importing Assets/Prefabs/Rooms/Room Center/Room Libary/Level 6/Room Center 6(12).prefab using Guid(8dcbd277b83a704419dd6b01c630fd97) Importer(815301076,1909f56bfc062723c751e8b465ee728b)  -> (artifact id: '4fdbeed3de69551502c0fd4b27cb09e0') in 0.022956 seconds 
========================================================================
Received Import Request.
  Time since last request: 0.000371 seconds.
  path: Assets/Prefabs/Rooms/Room Center/Room Libary/Level 6/Room Center 6(2).prefab
  artifactKey: Guid(bc70308156cb795418341c12da2edc70) Importer(815301076,1909f56bfc062723c751e8b465ee728b)
Start importing Assets/Prefabs/Rooms/Room Center/Room Libary/Level 6/Room Center 6(2).prefab using Guid(bc70308156cb795418341c12da2edc70) Importer(815301076,1909f56bfc062723c751e8b465ee728b)  -> (artifact id: '93a3438716f3484e7a51b6fe65ccf1c0') in 0.022593 seconds 
========================================================================
Received Import Request.
  Time since last request: 0.000349 seconds.
  path: Assets/Prefabs/Rooms/Room Center/Room Libary/Level 6/Room Center 6(3).prefab
  artifactKey: Guid(44caaf7c3345f1e4d9dde2310a2f0137) Importer(815301076,1909f56bfc062723c751e8b465ee728b)
Start importing Assets/Prefabs/Rooms/Room Center/Room Libary/Level 6/Room Center 6(3).prefab using Guid(44caaf7c3345f1e4d9dde2310a2f0137) Importer(815301076,1909f56bfc062723c751e8b465ee728b)  -> (artifact id: '14937afe630b05d7806f1c6a5c9032f9') in 0.025807 seconds 
========================================================================
Received Import Request.
  Time since last request: 0.000347 seconds.
  path: Assets/Prefabs/Rooms/Room Center/Room Libary/Level 6/Room Center 6(5).prefab
  artifactKey: Guid(cf8c646375609984fa62425b52028e87) Importer(815301076,1909f56bfc062723c751e8b465ee728b)
Start importing Assets/Prefabs/Rooms/Room Center/Room Libary/Level 6/Room Center 6(5).prefab using Guid(cf8c646375609984fa62425b52028e87) Importer(815301076,1909f56bfc062723c751e8b465ee728b)  -> (artifact id: '6a778969bf36c3f840a393a9ec7d0432') in 0.022782 seconds 
========================================================================
Received Import Request.
  Time since last request: 0.000267 seconds.
  path: Assets/Prefabs/Rooms/Room Center/Room Libary/Level 6/Room Center 6(8).prefab
  artifactKey: Guid(d77b447bd4b5b6a4881f4803b33af9ad) Importer(815301076,1909f56bfc062723c751e8b465ee728b)
Start importing Assets/Prefabs/Rooms/Room Center/Room Libary/Level 6/Room Center 6(8).prefab using Guid(d77b447bd4b5b6a4881f4803b33af9ad) Importer(815301076,1909f56bfc062723c751e8b465ee728b)  -> (artifact id: '9ffd52d1706880cede2d7565fea5e533') in 0.019602 seconds 
========================================================================
Received Import Request.
  Time since last request: 0.000237 seconds.
  path: Assets/Prefabs/Rooms/Room Center/Room Libary/Level 6/Room Center 6(13).prefab
  artifactKey: Guid(99b2c5a05ce1c154baece8aaeb9b1de1) Importer(815301076,1909f56bfc062723c751e8b465ee728b)
Start importing Assets/Prefabs/Rooms/Room Center/Room Libary/Level 6/Room Center 6(13).prefab using Guid(99b2c5a05ce1c154baece8aaeb9b1de1) Importer(815301076,1909f56bfc062723c751e8b465ee728b)  -> (artifact id: '44f61075e74f531272c70f50903d8255') in 0.018964 seconds 
========================================================================
Received Import Request.
  Time since last request: 0.000338 seconds.
  path: Assets/Prefabs/Rooms/Room Center/Room Libary/Level 6/Room Center 6(4).prefab
  artifactKey: Guid(e25e647e885f66c459b87cd75154de9e) Importer(815301076,1909f56bfc062723c751e8b465ee728b)
Start importing Assets/Prefabs/Rooms/Room Center/Room Libary/Level 6/Room Center 6(4).prefab using Guid(e25e647e885f66c459b87cd75154de9e) Importer(815301076,1909f56bfc062723c751e8b465ee728b)  -> (artifact id: 'f9f03a60a9a6614f577300eb85dd2722') in 0.018977 seconds 
========================================================================
Received Import Request.
  Time since last request: 0.000416 seconds.
  path: Assets/Prefabs/Rooms/Room Center/Room Libary/Level 6/Room Center 6(7).prefab
  artifactKey: Guid(866bfc1c65c4a854fa64521d0238b7fb) Importer(815301076,1909f56bfc062723c751e8b465ee728b)
Start importing Assets/Prefabs/Rooms/Room Center/Room Libary/Level 6/Room Center 6(7).prefab using Guid(866bfc1c65c4a854fa64521d0238b7fb) Importer(815301076,1909f56bfc062723c751e8b465ee728b)  -> (artifact id: '7a4f5f83e95bd7a1a7a664ef3dad1eac') in 0.018081 seconds 
========================================================================
Received Import Request.
  Time since last request: 0.000332 seconds.
  path: Assets/Prefabs/Rooms/Room Center/Room Libary/Level 6/Room Center 6(11).prefab
  artifactKey: Guid(160eed843e63cc048b20072abd12f920) Importer(815301076,1909f56bfc062723c751e8b465ee728b)
Start importing Assets/Prefabs/Rooms/Room Center/Room Libary/Level 6/Room Center 6(11).prefab using Guid(160eed843e63cc048b20072abd12f920) Importer(815301076,1909f56bfc062723c751e8b465ee728b)  -> (artifact id: '9120b2da50065bdd8bb3423e3a8f0a80') in 0.018533 seconds 
========================================================================
Received Import Request.
  Time since last request: 0.000286 seconds.
  path: Assets/Prefabs/Rooms/Room Center/Room Libary/Level 6/Room Center 6(9).prefab
  artifactKey: Guid(b95da4b2b1d03834db280e3b1ddb314f) Importer(815301076,1909f56bfc062723c751e8b465ee728b)
Start importing Assets/Prefabs/Rooms/Room Center/Room Libary/Level 6/Room Center 6(9).prefab using Guid(b95da4b2b1d03834db280e3b1ddb314f) Importer(815301076,1909f56bfc062723c751e8b465ee728b)  -> (artifact id: '29c3f5c3b103f0be819d2801911ae2d6') in 0.025670 seconds 
========================================================================
Received Import Request.
  Time since last request: 0.000348 seconds.
  path: Assets/Prefabs/Rooms/Room Center/Room Libary/Level 6/Room Center 6(6).prefab
  artifactKey: Guid(85cee8b9306a0064a87495bc1dfcd2f8) Importer(815301076,1909f56bfc062723c751e8b465ee728b)
Start importing Assets/Prefabs/Rooms/Room Center/Room Libary/Level 6/Room Center 6(6).prefab using Guid(85cee8b9306a0064a87495bc1dfcd2f8) Importer(815301076,1909f56bfc062723c751e8b465ee728b)  -> (artifact id: '07dd4ccb910ab8714b2c6935da917f18') in 0.020605 seconds 
========================================================================
Received Import Request.
  Time since last request: 0.000936 seconds.
  path: Assets/Prefabs/Rooms/Room Center/Room Libary/Level 6/Room Center 6(10).prefab
  artifactKey: Guid(fb424f30745ff374f9a167882211098a) Importer(815301076,1909f56bfc062723c751e8b465ee728b)
Start importing Assets/Prefabs/Rooms/Room Center/Room Libary/Level 6/Room Center 6(10).prefab using Guid(fb424f30745ff374f9a167882211098a) Importer(815301076,1909f56bfc062723c751e8b465ee728b)  -> (artifact id: '3a5ca55460555ac9487d600457f663fd') in 0.021121 seconds 
========================================================================
Received Import Request.
  Time since last request: 351.408275 seconds.
  path: Assets/Scenes/Level 7.unity
  artifactKey: Guid(db4315dc7f2d2d44c949a866923ce1ef) Importer(815301076,1909f56bfc062723c751e8b465ee728b)
Start importing Assets/Scenes/Level 7.unity using Guid(db4315dc7f2d2d44c949a866923ce1ef) Importer(815301076,1909f56bfc062723c751e8b465ee728b)  -> (artifact id: '50ae33720aae25d637a5bd5ee671f82a') in 0.002776 seconds 
========================================================================
Received Import Request.
  Time since last request: 1.628348 seconds.
  path: Assets/Scenes/Level 6.unity
  artifactKey: Guid(a3c3a2cb25b6b5442869fd244c8d2a88) Importer(815301076,1909f56bfc062723c751e8b465ee728b)
Start importing Assets/Scenes/Level 6.unity using Guid(a3c3a2cb25b6b5442869fd244c8d2a88) Importer(815301076,1909f56bfc062723c751e8b465ee728b)  -> (artifact id: '177d03c262c2bbca619a2a3fa556174f') in 0.012533 seconds 
========================================================================
Received Prepare
Refreshing native plugins compatible for Editor in 3.44 ms, found 4 plugins.
Preloading 0 native plugins for Editor in 0.00 ms.
Unloading 23 Unused Serialized files (Serialized files now loaded: 0)
System memory in use before: 113.3 MB.
System memory in use after: 113.4 MB.

Unloading 23 unused Assets to reduce memory usage. Loaded Objects now: 5277.
Total: 5.230100 ms (FindLiveObjects: 0.370300 ms CreateObjectMapping: 0.280800 ms MarkObjects: 4.469300 ms  DeleteObjects: 0.108900 ms)

AssetImportParameters requested are different than current active one (requested -> active):
  custom:framework-win-MediaFoundation: 216162199b28c13a410421893ffa2e32 -> 
  custom:video-decoder-ogg-theora: a1e56fd34408186e4bbccfd4996cb3dc -> 
  custom:container-muxer-webm: aa71ff27fc2769a1b78a27578f13a17b -> 
  custom:container-demuxer-webm: 4f35f7cbe854078d1ac9338744f61a02 -> 
  custom:container-demuxer-ogg: 62fdf1f143b41e24485cea50d1cbac27 -> 
  custom:video-encoder-webm-vp8: eb34c28f22e8b96e1ab97ce403110664 -> 
  custom:video-decoder-webm-vp8: 9c59270c3fd7afecdb556c50c9e8de78 -> 
  custom:audio-decoder-ogg-vorbis: bf7c407c2cedff20999df2af8eb42d56 -> 
  custom:audio-encoder-webm-vorbis: bf7c407c2cedff20999df2af8eb42d56 -> 
========================================================================
Received Import Request.
  Time since last request: 2673.821733 seconds.
  path: Assets/Prefabs/Weapons/Machine Gun.prefab
  artifactKey: Guid(140e9b4f836e165418b8193af23eb687) Importer(815301076,1909f56bfc062723c751e8b465ee728b)
Start importing Assets/Prefabs/Weapons/Machine Gun.prefab using Guid(140e9b4f836e165418b8193af23eb687) Importer(815301076,1909f56bfc062723c751e8b465ee728b)  -> (artifact id: '40d3cf126d73f682ff772f02ac26028e') in 0.092531 seconds 
========================================================================
Received Prepare
Registering precompiled user dll's ...
Registered in 0.007807 seconds.
Begin MonoManager ReloadAssembly
Symbol file LoadedFromMemory doesn't match image D:\Programs\Unity\Unity Project\Roguelike Shooting\shooting-roguelike\Library\PackageCache\com.unity.visualscripting@1.6.1\Editor\VisualScripting.Core\Dependencies\YamlDotNet\Unity.VisualScripting.YamlDotNet.dll
Symbol file LoadedFromMemory doesn't match image D:\Programs\Unity\Unity Project\Roguelike Shooting\shooting-roguelike\Library\PackageCache\com.unity.visualscripting@1.6.1\Editor\VisualScripting.Core\Dependencies\DotNetZip\Unity.VisualScripting.IonicZip.dll
Native extension for WindowsStandalone target not found
Refreshing native plugins compatible for Editor in 1.09 ms, found 4 plugins.
Preloading 0 native plugins for Editor in 0.00 ms.
Mono: successfully reloaded assembly
- Completed reload, in  1.615 seconds
Domain Reload Profiling:
	ReloadAssembly (1615ms)
		BeginReloadAssembly (522ms)
			ExecutionOrderSort (0ms)
			DisableScriptedObjects (49ms)
			BackupInstance (0ms)
			ReleaseScriptingObjects (0ms)
			CreateAndSetChildDomain (321ms)
		EndReloadAssembly (1041ms)
			LoadAssemblies (110ms)
			RebuildTransferFunctionScriptingTraits (0ms)
			SetupTypeCache (402ms)
			ReleaseScriptCaches (1ms)
			RebuildScriptCaches (59ms)
			SetupLoadedEditorAssemblies (384ms)
				LogAssemblyErrors (0ms)
				InitializePlatformSupportModulesInManaged (5ms)
				SetLoadedEditorAssemblies (1ms)
				RefreshPlugins (1ms)
				BeforeProcessingInitializeOnLoad (79ms)
				ProcessInitializeOnLoadAttributes (286ms)
				ProcessInitializeOnLoadMethodAttributes (11ms)
				AfterProcessingInitializeOnLoad (2ms)
				EditorAssembliesLoaded (0ms)
			ExecutionOrderSort2 (0ms)
			AwakeInstancesAfterBackupRestoration (10ms)
Platform modules already initialized, skipping
Refreshing native plugins compatible for Editor in 1.14 ms, found 4 plugins.
Preloading 0 native plugins for Editor in 0.00 ms.
Unloading 4760 Unused Serialized files (Serialized files now loaded: 0)
System memory in use before: 185.5 MB.
System memory in use after: 185.6 MB.

Unloading 25 unused Assets to reduce memory usage. Loaded Objects now: 5280.
Total: 3.769600 ms (FindLiveObjects: 0.339900 ms CreateObjectMapping: 0.223400 ms MarkObjects: 3.101000 ms  DeleteObjects: 0.104500 ms)

AssetImportParameters requested are different than current active one (requested -> active):
  custom:framework-win-MediaFoundation: 216162199b28c13a410421893ffa2e32 -> 
  custom:video-decoder-ogg-theora: a1e56fd34408186e4bbccfd4996cb3dc -> 
  custom:container-muxer-webm: aa71ff27fc2769a1b78a27578f13a17b -> 
  custom:container-demuxer-webm: 4f35f7cbe854078d1ac9338744f61a02 -> 
  custom:container-demuxer-ogg: 62fdf1f143b41e24485cea50d1cbac27 -> 
  custom:video-encoder-webm-vp8: eb34c28f22e8b96e1ab97ce403110664 -> 
  custom:video-decoder-webm-vp8: 9c59270c3fd7afecdb556c50c9e8de78 -> 
  custom:audio-decoder-ogg-vorbis: bf7c407c2cedff20999df2af8eb42d56 -> 
  custom:audio-encoder-webm-vorbis: bf7c407c2cedff20999df2af8eb42d56 -> 
========================================================================
Received Import Request.
  Time since last request: 411.583706 seconds.
  path: Assets/Scripts/PlayerHealthController.cs
  artifactKey: Guid(a06fccd2e5fca7244a873d808d0a9e0c) Importer(815301076,1909f56bfc062723c751e8b465ee728b)
Start importing Assets/Scripts/PlayerHealthController.cs using Guid(a06fccd2e5fca7244a873d808d0a9e0c) Importer(815301076,1909f56bfc062723c751e8b465ee728b)  -> (artifact id: '86fabf65523feea332e4df3c9d052614') in 0.010216 seconds 
========================================================================
Received Prepare
Registering precompiled user dll's ...
Registered in 0.003458 seconds.
Begin MonoManager ReloadAssembly
Symbol file LoadedFromMemory doesn't match image D:\Programs\Unity\Unity Project\Roguelike Shooting\shooting-roguelike\Library\PackageCache\com.unity.visualscripting@1.6.1\Editor\VisualScripting.Core\Dependencies\YamlDotNet\Unity.VisualScripting.YamlDotNet.dll
Symbol file LoadedFromMemory doesn't match image D:\Programs\Unity\Unity Project\Roguelike Shooting\shooting-roguelike\Library\PackageCache\com.unity.visualscripting@1.6.1\Editor\VisualScripting.Core\Dependencies\DotNetZip\Unity.VisualScripting.IonicZip.dll
Native extension for WindowsStandalone target not found
Refreshing native plugins compatible for Editor in 1.04 ms, found 4 plugins.
Preloading 0 native plugins for Editor in 0.00 ms.
Mono: successfully reloaded assembly
- Completed reload, in  1.133 seconds
Domain Reload Profiling:
	ReloadAssembly (1134ms)
		BeginReloadAssembly (120ms)
			ExecutionOrderSort (0ms)
			DisableScriptedObjects (6ms)
			BackupInstance (0ms)
			ReleaseScriptingObjects (0ms)
			CreateAndSetChildDomain (41ms)
		EndReloadAssembly (961ms)
			LoadAssemblies (91ms)
			RebuildTransferFunctionScriptingTraits (0ms)
			SetupTypeCache (354ms)
			ReleaseScriptCaches (2ms)
			RebuildScriptCaches (49ms)
			SetupLoadedEditorAssemblies (371ms)
				LogAssemblyErrors (0ms)
				InitializePlatformSupportModulesInManaged (4ms)
				SetLoadedEditorAssemblies (0ms)
				RefreshPlugins (1ms)
				BeforeProcessingInitializeOnLoad (75ms)
				ProcessInitializeOnLoadAttributes (279ms)
				ProcessInitializeOnLoadMethodAttributes (9ms)
				AfterProcessingInitializeOnLoad (2ms)
				EditorAssembliesLoaded (0ms)
			ExecutionOrderSort2 (0ms)
			AwakeInstancesAfterBackupRestoration (10ms)
Platform modules already initialized, skipping
Refreshing native plugins compatible for Editor in 1.07 ms, found 4 plugins.
Preloading 0 native plugins for Editor in 0.00 ms.
Unloading 4760 Unused Serialized files (Serialized files now loaded: 0)
System memory in use before: 185.6 MB.
System memory in use after: 185.7 MB.

Unloading 25 unused Assets to reduce memory usage. Loaded Objects now: 5283.
Total: 4.091900 ms (FindLiveObjects: 0.347500 ms CreateObjectMapping: 0.192700 ms MarkObjects: 3.434000 ms  DeleteObjects: 0.116900 ms)

AssetImportParameters requested are different than current active one (requested -> active):
  custom:framework-win-MediaFoundation: 216162199b28c13a410421893ffa2e32 -> 
  custom:video-decoder-ogg-theora: a1e56fd34408186e4bbccfd4996cb3dc -> 
  custom:container-muxer-webm: aa71ff27fc2769a1b78a27578f13a17b -> 
  custom:container-demuxer-webm: 4f35f7cbe854078d1ac9338744f61a02 -> 
  custom:container-demuxer-ogg: 62fdf1f143b41e24485cea50d1cbac27 -> 
  custom:video-encoder-webm-vp8: eb34c28f22e8b96e1ab97ce403110664 -> 
  custom:video-decoder-webm-vp8: 9c59270c3fd7afecdb556c50c9e8de78 -> 
  custom:audio-decoder-ogg-vorbis: bf7c407c2cedff20999df2af8eb42d56 -> 
  custom:audio-encoder-webm-vorbis: bf7c407c2cedff20999df2af8eb42d56 -> 
========================================================================
Received Prepare
Refreshing native plugins compatible for Editor in 3.43 ms, found 4 plugins.
Preloading 0 native plugins for Editor in 0.00 ms.
Unloading 23 Unused Serialized files (Serialized files now loaded: 0)
System memory in use before: 91.9 MB.
System memory in use after: 92.0 MB.

Unloading 23 unused Assets to reduce memory usage. Loaded Objects now: 5283.
Total: 3.859600 ms (FindLiveObjects: 0.335700 ms CreateObjectMapping: 0.232600 ms MarkObjects: 3.190200 ms  DeleteObjects: 0.100400 ms)

AssetImportParameters requested are different than current active one (requested -> active):
  custom:framework-win-MediaFoundation: 216162199b28c13a410421893ffa2e32 -> 
  custom:video-decoder-ogg-theora: a1e56fd34408186e4bbccfd4996cb3dc -> 
  custom:container-muxer-webm: aa71ff27fc2769a1b78a27578f13a17b -> 
  custom:container-demuxer-webm: 4f35f7cbe854078d1ac9338744f61a02 -> 
  custom:container-demuxer-ogg: 62fdf1f143b41e24485cea50d1cbac27 -> 
  custom:video-encoder-webm-vp8: eb34c28f22e8b96e1ab97ce403110664 -> 
  custom:video-decoder-webm-vp8: 9c59270c3fd7afecdb556c50c9e8de78 -> 
  custom:audio-decoder-ogg-vorbis: bf7c407c2cedff20999df2af8eb42d56 -> 
  custom:audio-encoder-webm-vorbis: bf7c407c2cedff20999df2af8eb42d56 -> 
========================================================================
Received Import Request.
  Time since last request: 336.002510 seconds.
  path: Assets/Scenes/Boss 1.unity
  artifactKey: Guid(4017d955197e39b41beb92e2054e8312) Importer(815301076,1909f56bfc062723c751e8b465ee728b)
Start importing Assets/Scenes/Boss 1.unity using Guid(4017d955197e39b41beb92e2054e8312) Importer(815301076,1909f56bfc062723c751e8b465ee728b)  -> (artifact id: 'b25598b44ed6ec0a9ac2c1bc46888a81') in 0.051760 seconds 
========================================================================
Received Prepare
Registering precompiled user dll's ...
Registered in 0.006916 seconds.
Begin MonoManager ReloadAssembly
Symbol file LoadedFromMemory doesn't match image D:\Programs\Unity\Unity Project\Roguelike Shooting\shooting-roguelike\Library\PackageCache\com.unity.visualscripting@1.6.1\Editor\VisualScripting.Core\Dependencies\YamlDotNet\Unity.VisualScripting.YamlDotNet.dll
Symbol file LoadedFromMemory doesn't match image D:\Programs\Unity\Unity Project\Roguelike Shooting\shooting-roguelike\Library\PackageCache\com.unity.visualscripting@1.6.1\Editor\VisualScripting.Core\Dependencies\DotNetZip\Unity.VisualScripting.IonicZip.dll
Native extension for WindowsStandalone target not found
Refreshing native plugins compatible for Editor in 1.05 ms, found 4 plugins.
Preloading 0 native plugins for Editor in 0.00 ms.
Mono: successfully reloaded assembly
- Completed reload, in  1.151 seconds
Domain Reload Profiling:
	ReloadAssembly (1151ms)
		BeginReloadAssembly (119ms)
			ExecutionOrderSort (0ms)
			DisableScriptedObjects (6ms)
			BackupInstance (0ms)
			ReleaseScriptingObjects (0ms)
			CreateAndSetChildDomain (45ms)
		EndReloadAssembly (983ms)
			LoadAssemblies (87ms)
			RebuildTransferFunctionScriptingTraits (0ms)
			SetupTypeCache (387ms)
			ReleaseScriptCaches (2ms)
			RebuildScriptCaches (47ms)
			SetupLoadedEditorAssemblies (367ms)
				LogAssemblyErrors (0ms)
				InitializePlatformSupportModulesInManaged (4ms)
				SetLoadedEditorAssemblies (0ms)
				RefreshPlugins (1ms)
				BeforeProcessingInitializeOnLoad (71ms)
				ProcessInitializeOnLoadAttributes (280ms)
				ProcessInitializeOnLoadMethodAttributes (9ms)
				AfterProcessingInitializeOnLoad (2ms)
				EditorAssembliesLoaded (0ms)
			ExecutionOrderSort2 (0ms)
			AwakeInstancesAfterBackupRestoration (10ms)
Platform modules already initialized, skipping
Refreshing native plugins compatible for Editor in 1.19 ms, found 4 plugins.
Preloading 0 native plugins for Editor in 0.00 ms.
Unloading 4760 Unused Serialized files (Serialized files now loaded: 0)
System memory in use before: 185.6 MB.
System memory in use after: 185.7 MB.

Unloading 25 unused Assets to reduce memory usage. Loaded Objects now: 5286.
Total: 4.129600 ms (FindLiveObjects: 0.347800 ms CreateObjectMapping: 0.221200 ms MarkObjects: 3.452300 ms  DeleteObjects: 0.107500 ms)

AssetImportParameters requested are different than current active one (requested -> active):
  custom:framework-win-MediaFoundation: 216162199b28c13a410421893ffa2e32 -> 
  custom:video-decoder-ogg-theora: a1e56fd34408186e4bbccfd4996cb3dc -> 
  custom:container-muxer-webm: aa71ff27fc2769a1b78a27578f13a17b -> 
  custom:container-demuxer-webm: 4f35f7cbe854078d1ac9338744f61a02 -> 
  custom:container-demuxer-ogg: 62fdf1f143b41e24485cea50d1cbac27 -> 
  custom:video-encoder-webm-vp8: eb34c28f22e8b96e1ab97ce403110664 -> 
  custom:video-decoder-webm-vp8: 9c59270c3fd7afecdb556c50c9e8de78 -> 
  custom:audio-decoder-ogg-vorbis: bf7c407c2cedff20999df2af8eb42d56 -> 
  custom:audio-encoder-webm-vorbis: bf7c407c2cedff20999df2af8eb42d56 -> 
========================================================================
Received Prepare
Registering precompiled user dll's ...
Registered in 0.004345 seconds.
Begin MonoManager ReloadAssembly
Symbol file LoadedFromMemory doesn't match image D:\Programs\Unity\Unity Project\Roguelike Shooting\shooting-roguelike\Library\PackageCache\com.unity.visualscripting@1.6.1\Editor\VisualScripting.Core\Dependencies\YamlDotNet\Unity.VisualScripting.YamlDotNet.dll
Symbol file LoadedFromMemory doesn't match image D:\Programs\Unity\Unity Project\Roguelike Shooting\shooting-roguelike\Library\PackageCache\com.unity.visualscripting@1.6.1\Editor\VisualScripting.Core\Dependencies\DotNetZip\Unity.VisualScripting.IonicZip.dll
Native extension for WindowsStandalone target not found
Refreshing native plugins compatible for Editor in 1.09 ms, found 4 plugins.
Preloading 0 native plugins for Editor in 0.00 ms.
Mono: successfully reloaded assembly
- Completed reload, in  1.384 seconds
Domain Reload Profiling:
	ReloadAssembly (1384ms)
		BeginReloadAssembly (137ms)
			ExecutionOrderSort (0ms)
			DisableScriptedObjects (6ms)
			BackupInstance (0ms)
			ReleaseScriptingObjects (0ms)
			CreateAndSetChildDomain (51ms)
		EndReloadAssembly (1195ms)
			LoadAssemblies (102ms)
			RebuildTransferFunctionScriptingTraits (0ms)
			SetupTypeCache (490ms)
			ReleaseScriptCaches (2ms)
			RebuildScriptCaches (50ms)
			SetupLoadedEditorAssemblies (457ms)
				LogAssemblyErrors (0ms)
				InitializePlatformSupportModulesInManaged (5ms)
				SetLoadedEditorAssemblies (0ms)
				RefreshPlugins (1ms)
				BeforeProcessingInitializeOnLoad (93ms)
				ProcessInitializeOnLoadAttributes (344ms)
				ProcessInitializeOnLoadMethodAttributes (10ms)
				AfterProcessingInitializeOnLoad (3ms)
				EditorAssembliesLoaded (0ms)
			ExecutionOrderSort2 (0ms)
			AwakeInstancesAfterBackupRestoration (11ms)
Platform modules already initialized, skipping
Refreshing native plugins compatible for Editor in 1.86 ms, found 4 plugins.
Preloading 0 native plugins for Editor in 0.00 ms.
Unloading 4760 Unused Serialized files (Serialized files now loaded: 0)
System memory in use before: 185.6 MB.
System memory in use after: 185.8 MB.

Unloading 25 unused Assets to reduce memory usage. Loaded Objects now: 5289.
Total: 4.161500 ms (FindLiveObjects: 0.485000 ms CreateObjectMapping: 0.217900 ms MarkObjects: 3.346500 ms  DeleteObjects: 0.111200 ms)

AssetImportParameters requested are different than current active one (requested -> active):
  custom:framework-win-MediaFoundation: 216162199b28c13a410421893ffa2e32 -> 
  custom:video-decoder-ogg-theora: a1e56fd34408186e4bbccfd4996cb3dc -> 
  custom:container-muxer-webm: aa71ff27fc2769a1b78a27578f13a17b -> 
  custom:container-demuxer-webm: 4f35f7cbe854078d1ac9338744f61a02 -> 
  custom:container-demuxer-ogg: 62fdf1f143b41e24485cea50d1cbac27 -> 
  custom:video-encoder-webm-vp8: eb34c28f22e8b96e1ab97ce403110664 -> 
  custom:video-decoder-webm-vp8: 9c59270c3fd7afecdb556c50c9e8de78 -> 
  custom:audio-decoder-ogg-vorbis: bf7c407c2cedff20999df2af8eb42d56 -> 
  custom:audio-encoder-webm-vorbis: bf7c407c2cedff20999df2af8eb42d56 -> 
========================================================================
Received Prepare
Registering precompiled user dll's ...
Registered in 0.015258 seconds.
Begin MonoManager ReloadAssembly
Symbol file LoadedFromMemory doesn't match image D:\Programs\Unity\Unity Project\Roguelike Shooting\shooting-roguelike\Library\PackageCache\com.unity.visualscripting@1.6.1\Editor\VisualScripting.Core\Dependencies\YamlDotNet\Unity.VisualScripting.YamlDotNet.dll
Symbol file LoadedFromMemory doesn't match image D:\Programs\Unity\Unity Project\Roguelike Shooting\shooting-roguelike\Library\PackageCache\com.unity.visualscripting@1.6.1\Editor\VisualScripting.Core\Dependencies\DotNetZip\Unity.VisualScripting.IonicZip.dll
Native extension for WindowsStandalone target not found
Refreshing native plugins compatible for Editor in 1.63 ms, found 4 plugins.
Preloading 0 native plugins for Editor in 0.00 ms.
Mono: successfully reloaded assembly
- Completed reload, in  1.230 seconds
Domain Reload Profiling:
	ReloadAssembly (1230ms)
		BeginReloadAssembly (114ms)
			ExecutionOrderSort (0ms)
			DisableScriptedObjects (6ms)
			BackupInstance (0ms)
			ReleaseScriptingObjects (0ms)
			CreateAndSetChildDomain (41ms)
		EndReloadAssembly (1065ms)
			LoadAssemblies (92ms)
			RebuildTransferFunctionScriptingTraits (0ms)
			SetupTypeCache (382ms)
			ReleaseScriptCaches (2ms)
			RebuildScriptCaches (51ms)
			SetupLoadedEditorAssemblies (406ms)
				LogAssemblyErrors (0ms)
				InitializePlatformSupportModulesInManaged (6ms)
				SetLoadedEditorAssemblies (1ms)
				RefreshPlugins (2ms)
				BeforeProcessingInitializeOnLoad (79ms)
				ProcessInitializeOnLoadAttributes (305ms)
				ProcessInitializeOnLoadMethodAttributes (11ms)
				AfterProcessingInitializeOnLoad (2ms)
				EditorAssembliesLoaded (0ms)
			ExecutionOrderSort2 (0ms)
			AwakeInstancesAfterBackupRestoration (13ms)
Platform modules already initialized, skipping
Refreshing native plugins compatible for Editor in 1.31 ms, found 4 plugins.
Preloading 0 native plugins for Editor in 0.00 ms.
Unloading 4760 Unused Serialized files (Serialized files now loaded: 0)
System memory in use before: 185.5 MB.
System memory in use after: 185.6 MB.

Unloading 25 unused Assets to reduce memory usage. Loaded Objects now: 5292.
Total: 6.619300 ms (FindLiveObjects: 0.559000 ms CreateObjectMapping: 0.315200 ms MarkObjects: 5.607600 ms  DeleteObjects: 0.136300 ms)

AssetImportParameters requested are different than current active one (requested -> active):
  custom:framework-win-MediaFoundation: 216162199b28c13a410421893ffa2e32 -> 
  custom:video-decoder-ogg-theora: a1e56fd34408186e4bbccfd4996cb3dc -> 
  custom:container-muxer-webm: aa71ff27fc2769a1b78a27578f13a17b -> 
  custom:container-demuxer-webm: 4f35f7cbe854078d1ac9338744f61a02 -> 
  custom:container-demuxer-ogg: 62fdf1f143b41e24485cea50d1cbac27 -> 
  custom:video-encoder-webm-vp8: eb34c28f22e8b96e1ab97ce403110664 -> 
  custom:video-decoder-webm-vp8: 9c59270c3fd7afecdb556c50c9e8de78 -> 
  custom:audio-decoder-ogg-vorbis: bf7c407c2cedff20999df2af8eb42d56 -> 
  custom:audio-encoder-webm-vorbis: bf7c407c2cedff20999df2af8eb42d56 -> 
========================================================================
Received Prepare
Registering precompiled user dll's ...
Registered in 0.003379 seconds.
Begin MonoManager ReloadAssembly
Symbol file LoadedFromMemory doesn't match image D:\Programs\Unity\Unity Project\Roguelike Shooting\shooting-roguelike\Library\PackageCache\com.unity.visualscripting@1.6.1\Editor\VisualScripting.Core\Dependencies\YamlDotNet\Unity.VisualScripting.YamlDotNet.dll
Symbol file LoadedFromMemory doesn't match image D:\Programs\Unity\Unity Project\Roguelike Shooting\shooting-roguelike\Library\PackageCache\com.unity.visualscripting@1.6.1\Editor\VisualScripting.Core\Dependencies\DotNetZip\Unity.VisualScripting.IonicZip.dll
Native extension for WindowsStandalone target not found
Refreshing native plugins compatible for Editor in 1.45 ms, found 4 plugins.
Preloading 0 native plugins for Editor in 0.00 ms.
Mono: successfully reloaded assembly
- Completed reload, in  1.187 seconds
Domain Reload Profiling:
	ReloadAssembly (1187ms)
		BeginReloadAssembly (125ms)
			ExecutionOrderSort (0ms)
			DisableScriptedObjects (6ms)
			BackupInstance (0ms)
			ReleaseScriptingObjects (0ms)
			CreateAndSetChildDomain (40ms)
		EndReloadAssembly (1008ms)
			LoadAssemblies (94ms)
			RebuildTransferFunctionScriptingTraits (0ms)
			SetupTypeCache (387ms)
			ReleaseScriptCaches (1ms)
			RebuildScriptCaches (50ms)
			SetupLoadedEditorAssemblies (382ms)
				LogAssemblyErrors (0ms)
				InitializePlatformSupportModulesInManaged (4ms)
				SetLoadedEditorAssemblies (0ms)
				RefreshPlugins (2ms)
				BeforeProcessingInitializeOnLoad (73ms)
				ProcessInitializeOnLoadAttributes (289ms)
				ProcessInitializeOnLoadMethodAttributes (10ms)
				AfterProcessingInitializeOnLoad (2ms)
				EditorAssembliesLoaded (0ms)
			ExecutionOrderSort2 (0ms)
			AwakeInstancesAfterBackupRestoration (10ms)
Platform modules already initialized, skipping
Refreshing native plugins compatible for Editor in 1.43 ms, found 4 plugins.
Preloading 0 native plugins for Editor in 0.00 ms.
Unloading 4760 Unused Serialized files (Serialized files now loaded: 0)
System memory in use before: 185.7 MB.
System memory in use after: 185.8 MB.

Unloading 25 unused Assets to reduce memory usage. Loaded Objects now: 5295.
Total: 4.045400 ms (FindLiveObjects: 0.357400 ms CreateObjectMapping: 0.225800 ms MarkObjects: 3.355700 ms  DeleteObjects: 0.105700 ms)

AssetImportParameters requested are different than current active one (requested -> active):
  custom:framework-win-MediaFoundation: 216162199b28c13a410421893ffa2e32 -> 
  custom:video-decoder-ogg-theora: a1e56fd34408186e4bbccfd4996cb3dc -> 
  custom:container-muxer-webm: aa71ff27fc2769a1b78a27578f13a17b -> 
  custom:container-demuxer-webm: 4f35f7cbe854078d1ac9338744f61a02 -> 
  custom:container-demuxer-ogg: 62fdf1f143b41e24485cea50d1cbac27 -> 
  custom:video-encoder-webm-vp8: eb34c28f22e8b96e1ab97ce403110664 -> 
  custom:video-decoder-webm-vp8: 9c59270c3fd7afecdb556c50c9e8de78 -> 
  custom:audio-decoder-ogg-vorbis: bf7c407c2cedff20999df2af8eb42d56 -> 
  custom:audio-encoder-webm-vorbis: bf7c407c2cedff20999df2af8eb42d56 -> 
========================================================================
Received Prepare
Registering precompiled user dll's ...
Registered in 0.003406 seconds.
Begin MonoManager ReloadAssembly
Symbol file LoadedFromMemory doesn't match image D:\Programs\Unity\Unity Project\Roguelike Shooting\shooting-roguelike\Library\PackageCache\com.unity.visualscripting@1.6.1\Editor\VisualScripting.Core\Dependencies\YamlDotNet\Unity.VisualScripting.YamlDotNet.dll
Symbol file LoadedFromMemory doesn't match image D:\Programs\Unity\Unity Project\Roguelike Shooting\shooting-roguelike\Library\PackageCache\com.unity.visualscripting@1.6.1\Editor\VisualScripting.Core\Dependencies\DotNetZip\Unity.VisualScripting.IonicZip.dll
Native extension for WindowsStandalone target not found
Refreshing native plugins compatible for Editor in 1.16 ms, found 4 plugins.
Preloading 0 native plugins for Editor in 0.00 ms.
Mono: successfully reloaded assembly
- Completed reload, in  1.253 seconds
Domain Reload Profiling:
	ReloadAssembly (1254ms)
		BeginReloadAssembly (153ms)
			ExecutionOrderSort (0ms)
			DisableScriptedObjects (6ms)
			BackupInstance (0ms)
			ReleaseScriptingObjects (0ms)
			CreateAndSetChildDomain (49ms)
		EndReloadAssembly (1037ms)
			LoadAssemblies (105ms)
			RebuildTransferFunctionScriptingTraits (0ms)
			SetupTypeCache (379ms)
			ReleaseScriptCaches (2ms)
			RebuildScriptCaches (49ms)
			SetupLoadedEditorAssemblies (415ms)
				LogAssemblyErrors (0ms)
				InitializePlatformSupportModulesInManaged (4ms)
				SetLoadedEditorAssemblies (0ms)
				RefreshPlugins (1ms)
				BeforeProcessingInitializeOnLoad (99ms)
				ProcessInitializeOnLoadAttributes (298ms)
				ProcessInitializeOnLoadMethodAttributes (10ms)
				AfterProcessingInitializeOnLoad (2ms)
				EditorAssembliesLoaded (0ms)
			ExecutionOrderSort2 (0ms)
			AwakeInstancesAfterBackupRestoration (10ms)
Platform modules already initialized, skipping
Refreshing native plugins compatible for Editor in 1.74 ms, found 4 plugins.
Preloading 0 native plugins for Editor in 0.00 ms.
Unloading 4760 Unused Serialized files (Serialized files now loaded: 0)
System memory in use before: 185.7 MB.
System memory in use after: 185.8 MB.

Unloading 25 unused Assets to reduce memory usage. Loaded Objects now: 5298.
Total: 4.519100 ms (FindLiveObjects: 0.408400 ms CreateObjectMapping: 0.285700 ms MarkObjects: 3.688600 ms  DeleteObjects: 0.135300 ms)

AssetImportParameters requested are different than current active one (requested -> active):
  custom:framework-win-MediaFoundation: 216162199b28c13a410421893ffa2e32 -> 
  custom:video-decoder-ogg-theora: a1e56fd34408186e4bbccfd4996cb3dc -> 
  custom:container-muxer-webm: aa71ff27fc2769a1b78a27578f13a17b -> 
  custom:container-demuxer-webm: 4f35f7cbe854078d1ac9338744f61a02 -> 
  custom:container-demuxer-ogg: 62fdf1f143b41e24485cea50d1cbac27 -> 
  custom:video-encoder-webm-vp8: eb34c28f22e8b96e1ab97ce403110664 -> 
  custom:video-decoder-webm-vp8: 9c59270c3fd7afecdb556c50c9e8de78 -> 
  custom:audio-decoder-ogg-vorbis: bf7c407c2cedff20999df2af8eb42d56 -> 
  custom:audio-encoder-webm-vorbis: bf7c407c2cedff20999df2af8eb42d56 -> 
========================================================================
Received Prepare
Registering precompiled user dll's ...
Registered in 0.005125 seconds.
Begin MonoManager ReloadAssembly
Symbol file LoadedFromMemory doesn't match image D:\Programs\Unity\Unity Project\Roguelike Shooting\shooting-roguelike\Library\PackageCache\com.unity.visualscripting@1.6.1\Editor\VisualScripting.Core\Dependencies\YamlDotNet\Unity.VisualScripting.YamlDotNet.dll
Symbol file LoadedFromMemory doesn't match image D:\Programs\Unity\Unity Project\Roguelike Shooting\shooting-roguelike\Library\PackageCache\com.unity.visualscripting@1.6.1\Editor\VisualScripting.Core\Dependencies\DotNetZip\Unity.VisualScripting.IonicZip.dll
Native extension for WindowsStandalone target not found
Refreshing native plugins compatible for Editor in 1.05 ms, found 4 plugins.
Preloading 0 native plugins for Editor in 0.00 ms.
Mono: successfully reloaded assembly
- Completed reload, in  1.225 seconds
Domain Reload Profiling:
	ReloadAssembly (1225ms)
		BeginReloadAssembly (113ms)
			ExecutionOrderSort (0ms)
			DisableScriptedObjects (6ms)
			BackupInstance (0ms)
			ReleaseScriptingObjects (0ms)
			CreateAndSetChildDomain (39ms)
		EndReloadAssembly (1041ms)
			LoadAssemblies (101ms)
			RebuildTransferFunctionScriptingTraits (0ms)
			SetupTypeCache (403ms)
			ReleaseScriptCaches (2ms)
			RebuildScriptCaches (50ms)
			SetupLoadedEditorAssemblies (387ms)
				LogAssemblyErrors (0ms)
				InitializePlatformSupportModulesInManaged (4ms)
				SetLoadedEditorAssemblies (0ms)
				RefreshPlugins (1ms)
				BeforeProcessingInitializeOnLoad (73ms)
				ProcessInitializeOnLoadAttributes (297ms)
				ProcessInitializeOnLoadMethodAttributes (9ms)
				AfterProcessingInitializeOnLoad (2ms)
				EditorAssembliesLoaded (0ms)
			ExecutionOrderSort2 (0ms)
			AwakeInstancesAfterBackupRestoration (10ms)
Platform modules already initialized, skipping
Refreshing native plugins compatible for Editor in 1.08 ms, found 4 plugins.
Preloading 0 native plugins for Editor in 0.00 ms.
Unloading 4760 Unused Serialized files (Serialized files now loaded: 0)
System memory in use before: 185.7 MB.
System memory in use after: 185.8 MB.

Unloading 25 unused Assets to reduce memory usage. Loaded Objects now: 5301.
Total: 4.291500 ms (FindLiveObjects: 0.356600 ms CreateObjectMapping: 0.196300 ms MarkObjects: 3.608600 ms  DeleteObjects: 0.129200 ms)

AssetImportParameters requested are different than current active one (requested -> active):
  custom:framework-win-MediaFoundation: 216162199b28c13a410421893ffa2e32 -> 
  custom:video-decoder-ogg-theora: a1e56fd34408186e4bbccfd4996cb3dc -> 
  custom:container-muxer-webm: aa71ff27fc2769a1b78a27578f13a17b -> 
  custom:container-demuxer-webm: 4f35f7cbe854078d1ac9338744f61a02 -> 
  custom:container-demuxer-ogg: 62fdf1f143b41e24485cea50d1cbac27 -> 
  custom:video-encoder-webm-vp8: eb34c28f22e8b96e1ab97ce403110664 -> 
  custom:video-decoder-webm-vp8: 9c59270c3fd7afecdb556c50c9e8de78 -> 
  custom:audio-decoder-ogg-vorbis: bf7c407c2cedff20999df2af8eb42d56 -> 
  custom:audio-encoder-webm-vorbis: bf7c407c2cedff20999df2af8eb42d56 -> 
========================================================================
Received Import Request.
  Time since last request: 805.326961 seconds.
  path: Assets/Prefabs/Enemies/Enemy - Bat.prefab
  artifactKey: Guid(4e34e7a6968ce9048bf71a37689690b1) Importer(815301076,1909f56bfc062723c751e8b465ee728b)
Start importing Assets/Prefabs/Enemies/Enemy - Bat.prefab using Guid(4e34e7a6968ce9048bf71a37689690b1) Importer(815301076,1909f56bfc062723c751e8b465ee728b)  -> (artifact id: '2b14576411820cbab3e7d507e8b6e528') in 0.087215 seconds 
========================================================================
Received Import Request.
  Time since last request: 0.000309 seconds.
  path: Assets/Prefabs/Enemies/Enemy - Vampire.prefab
  artifactKey: Guid(780d4d0e7956b794d8b99d25111b3478) Importer(815301076,1909f56bfc062723c751e8b465ee728b)
Start importing Assets/Prefabs/Enemies/Enemy - Vampire.prefab using Guid(780d4d0e7956b794d8b99d25111b3478) Importer(815301076,1909f56bfc062723c751e8b465ee728b)  -> (artifact id: 'f66fd38a59f5f9168feb148f1aea2d7a') in 0.012827 seconds 
========================================================================
Received Import Request.
  Time since last request: 0.000212 seconds.
  path: Assets/Prefabs/Enemies/Enemy - Skull.prefab
  artifactKey: Guid(1dd188c890e72d64ca5225f6f545ade3) Importer(815301076,1909f56bfc062723c751e8b465ee728b)
Start importing Assets/Prefabs/Enemies/Enemy - Skull.prefab using Guid(1dd188c890e72d64ca5225f6f545ade3) Importer(815301076,1909f56bfc062723c751e8b465ee728b)  -> (artifact id: '630f40dfc4bc9ccb645a4ee75699897c') in 0.014778 seconds 
========================================================================
Received Import Request.
  Time since last request: 0.000317 seconds.
  path: Assets/Prefabs/Enemies/Enemy - Goblin.prefab
  artifactKey: Guid(22a0149b90451cf47b975dabbdff34c6) Importer(815301076,1909f56bfc062723c751e8b465ee728b)
Start importing Assets/Prefabs/Enemies/Enemy - Goblin.prefab using Guid(22a0149b90451cf47b975dabbdff34c6) Importer(815301076,1909f56bfc062723c751e8b465ee728b)  -> (artifact id: '6508c53753c9a7b95408f20e6cd42f7f') in 0.014680 seconds 
========================================================================
Received Import Request.
  Time since last request: 0.000776 seconds.
  path: Assets/Prefabs/Enemies/Enemy - Magican.prefab
  artifactKey: Guid(d08e457676043d14e8d403ea6a365697) Importer(815301076,1909f56bfc062723c751e8b465ee728b)
Start importing Assets/Prefabs/Enemies/Enemy - Magican.prefab using Guid(d08e457676043d14e8d403ea6a365697) Importer(815301076,1909f56bfc062723c751e8b465ee728b)  -> (artifact id: '3cf9c326e0ec494dc0e918d28b5fa5bc') in 0.012726 seconds 
========================================================================
Received Import Request.
  Time since last request: 0.000340 seconds.
  path: Assets/Prefabs/Enemies/Enemy - Skeleton.prefab
  artifactKey: Guid(3968c73d497032c4ea1094b67d001a20) Importer(815301076,1909f56bfc062723c751e8b465ee728b)
Start importing Assets/Prefabs/Enemies/Enemy - Skeleton.prefab using Guid(3968c73d497032c4ea1094b67d001a20) Importer(815301076,1909f56bfc062723c751e8b465ee728b)  -> (artifact id: 'bf97e514ce16295e405168bba85927dd') in 0.012651 seconds 
========================================================================
Received Import Request.
  Time since last request: 0.000634 seconds.
  path: Assets/Prefabs/Enemies/Enemy - Slime.prefab
  artifactKey: Guid(308e347980f50f9408f552962d17861e) Importer(815301076,1909f56bfc062723c751e8b465ee728b)
Start importing Assets/Prefabs/Enemies/Enemy - Slime.prefab using Guid(308e347980f50f9408f552962d17861e) Importer(815301076,1909f56bfc062723c751e8b465ee728b)  -> (artifact id: '63b528ff0b46a7494ab551f2c38b2ad7') in 0.014514 seconds 
========================================================================
Received Import Request.
  Time since last request: 7.761175 seconds.
  path: Assets/Prefabs/Boss/Boss Bullet 1.prefab
  artifactKey: Guid(1bc3ca84090d321429a8bb103779e081) Importer(815301076,1909f56bfc062723c751e8b465ee728b)
Start importing Assets/Prefabs/Boss/Boss Bullet 1.prefab using Guid(1bc3ca84090d321429a8bb103779e081) Importer(815301076,1909f56bfc062723c751e8b465ee728b)  -> (artifact id: '6372b02902eb9be0e4ae02683c17dc7d') in 0.006806 seconds 
========================================================================
Received Import Request.
  Time since last request: 194.392420 seconds.
  path: Assets/Sprites/Mecha-stone Golem 0.1/weapon PNG/arm_projectile.png
  artifactKey: Guid(7d1381163a8559948b606d95b4cebff9) Importer(815301076,1909f56bfc062723c751e8b465ee728b)
Start importing Assets/Sprites/Mecha-stone Golem 0.1/weapon PNG/arm_projectile.png using Guid(7d1381163a8559948b606d95b4cebff9) Importer(815301076,1909f56bfc062723c751e8b465ee728b)  -> (artifact id: '4309ec1b1a87232c1f5893cb44aa9504') in 0.043565 seconds 
========================================================================
Received Import Request.
  Time since last request: 3.829178 seconds.
  path: Assets/Sprites/Mecha-stone Golem 0.1/weapon PNG/arm_projectile.png
  artifactKey: Guid(7d1381163a8559948b606d95b4cebff9) Importer(815301076,1909f56bfc062723c751e8b465ee728b)
Start importing Assets/Sprites/Mecha-stone Golem 0.1/weapon PNG/arm_projectile.png using Guid(7d1381163a8559948b606d95b4cebff9) Importer(815301076,1909f56bfc062723c751e8b465ee728b)  -> (artifact id: 'e47b55f441d04ef321db9f6793c4fa53') in 0.012443 seconds 
========================================================================
Received Import Request.
  Time since last request: 80.121682 seconds.
  path: Assets/Sprites/Mecha-stone Golem 0.1/weapon PNG/arm_projectile.png
  artifactKey: Guid(7d1381163a8559948b606d95b4cebff9) Importer(815301076,1909f56bfc062723c751e8b465ee728b)
Start importing Assets/Sprites/Mecha-stone Golem 0.1/weapon PNG/arm_projectile.png using Guid(7d1381163a8559948b606d95b4cebff9) Importer(815301076,1909f56bfc062723c751e8b465ee728b)  -> (artifact id: '3ac8c243d0aa4e219cfedfa42c52ee39') in 0.013645 seconds 
========================================================================
Received Import Request.
  Time since last request: 511.568141 seconds.
  path: Assets/Prefabs/Level Essentials/Character Tracker.prefab
  artifactKey: Guid(96759444c322e11448f33feb27150b5f) Importer(815301076,1909f56bfc062723c751e8b465ee728b)
Start importing Assets/Prefabs/Level Essentials/Character Tracker.prefab using Guid(96759444c322e11448f33feb27150b5f) Importer(815301076,1909f56bfc062723c751e8b465ee728b)  -> (artifact id: 'c226ef4cb71f7c0890efe14661734071') in 0.004510 seconds 
========================================================================
Received Import Request.
  Time since last request: 0.000310 seconds.
  path: Assets/Prefabs/Level Essentials/Level Generator.prefab
  artifactKey: Guid(10dd803ebeb2733418565d838b78fbc3) Importer(815301076,1909f56bfc062723c751e8b465ee728b)
Start importing Assets/Prefabs/Level Essentials/Level Generator.prefab using Guid(10dd803ebeb2733418565d838b78fbc3) Importer(815301076,1909f56bfc062723c751e8b465ee728b)  -> (artifact id: '604816f083eebc7715ec1da5e6c79dd6') in 0.159995 seconds 
========================================================================
Received Import Request.
  Time since last request: 0.000263 seconds.
  path: Assets/Prefabs/Level Essentials/Managers.prefab
  artifactKey: Guid(928d67dd2435aee45951e7a5e3d09399) Importer(815301076,1909f56bfc062723c751e8b465ee728b)
Start importing Assets/Prefabs/Level Essentials/Managers.prefab using Guid(928d67dd2435aee45951e7a5e3d09399) Importer(815301076,1909f56bfc062723c751e8b465ee728b)  -> (artifact id: 'a751878a4b4bdff900175a3da58c4c62') in 0.004579 seconds 
========================================================================
Received Import Request.
  Time since last request: 0.000282 seconds.
  path: Assets/Prefabs/Level Essentials/UI Canvas.prefab
  artifactKey: Guid(f1427959183639648a12d8a4ca47113a) Importer(815301076,1909f56bfc062723c751e8b465ee728b)
Start importing Assets/Prefabs/Level Essentials/UI Canvas.prefab using Guid(f1427959183639648a12d8a4ca47113a) Importer(815301076,1909f56bfc062723c751e8b465ee728b)  -> (artifact id: '265d0526bf46137298f1c116a028b3f7') in 0.034008 seconds 
========================================================================
Received Import Request.
  Time since last request: 58.055660 seconds.
  path: Assets/Prefabs/Boss/Boss Bullet 1.prefab
  artifactKey: Guid(1bc3ca84090d321429a8bb103779e081) Importer(815301076,1909f56bfc062723c751e8b465ee728b)
Start importing Assets/Prefabs/Boss/Boss Bullet 1.prefab using Guid(1bc3ca84090d321429a8bb103779e081) Importer(815301076,1909f56bfc062723c751e8b465ee728b)  -> (artifact id: '533cf2aa7c122f664a31247510133657') in 0.008404 seconds 
========================================================================
Received Import Request.
  Time since last request: 29.236944 seconds.
  path: Assets/Prefabs/Boss/Boss Bullet 1.prefab
  artifactKey: Guid(1bc3ca84090d321429a8bb103779e081) Importer(815301076,1909f56bfc062723c751e8b465ee728b)
Start importing Assets/Prefabs/Boss/Boss Bullet 1.prefab using Guid(1bc3ca84090d321429a8bb103779e081) Importer(815301076,1909f56bfc062723c751e8b465ee728b)  -> (artifact id: '3003df608469d2bf30f661283cfe225b') in 0.007485 seconds 
========================================================================
Received Import Request.
  Time since last request: 15.613098 seconds.
  path: Assets/Prefabs/Boss/Boss Bullet 1.prefab
  artifactKey: Guid(1bc3ca84090d321429a8bb103779e081) Importer(815301076,1909f56bfc062723c751e8b465ee728b)
Start importing Assets/Prefabs/Boss/Boss Bullet 1.prefab using Guid(1bc3ca84090d321429a8bb103779e081) Importer(815301076,1909f56bfc062723c751e8b465ee728b)  -> (artifact id: '99ce1f95ed83a44873a4d3a7b332404c') in 0.011182 seconds 
========================================================================
Received Import Request.
  Time since last request: 6.491338 seconds.
  path: Assets/Prefabs/Boss/Boss Bullet 1.prefab
  artifactKey: Guid(1bc3ca84090d321429a8bb103779e081) Importer(815301076,1909f56bfc062723c751e8b465ee728b)
Start importing Assets/Prefabs/Boss/Boss Bullet 1.prefab using Guid(1bc3ca84090d321429a8bb103779e081) Importer(815301076,1909f56bfc062723c751e8b465ee728b)  -> (artifact id: 'ee1daac28a7026a584ada9f8e6cada0b') in 0.011394 seconds 
========================================================================
Received Import Request.
  Time since last request: 3.855311 seconds.
  path: Assets/Prefabs/Boss/Boss Bullet 1.prefab
  artifactKey: Guid(1bc3ca84090d321429a8bb103779e081) Importer(815301076,1909f56bfc062723c751e8b465ee728b)
Start importing Assets/Prefabs/Boss/Boss Bullet 1.prefab using Guid(1bc3ca84090d321429a8bb103779e081) Importer(815301076,1909f56bfc062723c751e8b465ee728b)  -> (artifact id: '50e1b19fa4271fe4d616a8fbf1710d79') in 0.009450 seconds 
========================================================================
Received Import Request.
  Time since last request: 7.347316 seconds.
  path: Assets/Prefabs/Boss/Boss Bullet 1.prefab
  artifactKey: Guid(1bc3ca84090d321429a8bb103779e081) Importer(815301076,1909f56bfc062723c751e8b465ee728b)
Start importing Assets/Prefabs/Boss/Boss Bullet 1.prefab using Guid(1bc3ca84090d321429a8bb103779e081) Importer(815301076,1909f56bfc062723c751e8b465ee728b)  -> (artifact id: '6d517477c0fbe4f89bdb50ec939dec92') in 0.008426 seconds 
========================================================================
Received Prepare
Registering precompiled user dll's ...
Registered in 0.004355 seconds.
Begin MonoManager ReloadAssembly
Symbol file LoadedFromMemory doesn't match image D:\Programs\Unity\Unity Project\Roguelike Shooting\shooting-roguelike\Library\PackageCache\com.unity.visualscripting@1.6.1\Editor\VisualScripting.Core\Dependencies\YamlDotNet\Unity.VisualScripting.YamlDotNet.dll
Symbol file LoadedFromMemory doesn't match image D:\Programs\Unity\Unity Project\Roguelike Shooting\shooting-roguelike\Library\PackageCache\com.unity.visualscripting@1.6.1\Editor\VisualScripting.Core\Dependencies\DotNetZip\Unity.VisualScripting.IonicZip.dll
Native extension for WindowsStandalone target not found
Refreshing native plugins compatible for Editor in 1.23 ms, found 4 plugins.
Preloading 0 native plugins for Editor in 0.00 ms.
Mono: successfully reloaded assembly
- Completed reload, in  1.167 seconds
Domain Reload Profiling:
	ReloadAssembly (1168ms)
		BeginReloadAssembly (130ms)
			ExecutionOrderSort (0ms)
			DisableScriptedObjects (8ms)
			BackupInstance (0ms)
			ReleaseScriptingObjects (0ms)
			CreateAndSetChildDomain (46ms)
		EndReloadAssembly (984ms)
			LoadAssemblies (99ms)
			RebuildTransferFunctionScriptingTraits (0ms)
			SetupTypeCache (363ms)
			ReleaseScriptCaches (2ms)
			RebuildScriptCaches (49ms)
			SetupLoadedEditorAssemblies (373ms)
				LogAssemblyErrors (0ms)
				InitializePlatformSupportModulesInManaged (4ms)
				SetLoadedEditorAssemblies (0ms)
				RefreshPlugins (1ms)
				BeforeProcessingInitializeOnLoad (69ms)
				ProcessInitializeOnLoadAttributes (287ms)
				ProcessInitializeOnLoadMethodAttributes (9ms)
				AfterProcessingInitializeOnLoad (2ms)
				EditorAssembliesLoaded (0ms)
			ExecutionOrderSort2 (0ms)
			AwakeInstancesAfterBackupRestoration (13ms)
Platform modules already initialized, skipping
Refreshing native plugins compatible for Editor in 1.06 ms, found 4 plugins.
Preloading 0 native plugins for Editor in 0.00 ms.
Unloading 4761 Unused Serialized files (Serialized files now loaded: 0)
System memory in use before: 187.3 MB.
System memory in use after: 187.5 MB.

Unloading 26 unused Assets to reduce memory usage. Loaded Objects now: 5353.
Total: 3.983200 ms (FindLiveObjects: 0.347900 ms CreateObjectMapping: 0.179700 ms MarkObjects: 3.327800 ms  DeleteObjects: 0.126700 ms)

AssetImportParameters requested are different than current active one (requested -> active):
  custom:framework-win-MediaFoundation: 216162199b28c13a410421893ffa2e32 -> 
  custom:video-decoder-ogg-theora: a1e56fd34408186e4bbccfd4996cb3dc -> 
  custom:container-muxer-webm: aa71ff27fc2769a1b78a27578f13a17b -> 
  custom:container-demuxer-webm: 4f35f7cbe854078d1ac9338744f61a02 -> 
  custom:container-demuxer-ogg: 62fdf1f143b41e24485cea50d1cbac27 -> 
  custom:video-encoder-webm-vp8: eb34c28f22e8b96e1ab97ce403110664 -> 
  custom:video-decoder-webm-vp8: 9c59270c3fd7afecdb556c50c9e8de78 -> 
  custom:audio-decoder-ogg-vorbis: bf7c407c2cedff20999df2af8eb42d56 -> 
  custom:audio-encoder-webm-vorbis: bf7c407c2cedff20999df2af8eb42d56 -> 
========================================================================
Received Prepare
Registering precompiled user dll's ...
Registered in 0.003751 seconds.
Begin MonoManager ReloadAssembly
Symbol file LoadedFromMemory doesn't match image D:\Programs\Unity\Unity Project\Roguelike Shooting\shooting-roguelike\Library\PackageCache\com.unity.visualscripting@1.6.1\Editor\VisualScripting.Core\Dependencies\YamlDotNet\Unity.VisualScripting.YamlDotNet.dll
Symbol file LoadedFromMemory doesn't match image D:\Programs\Unity\Unity Project\Roguelike Shooting\shooting-roguelike\Library\PackageCache\com.unity.visualscripting@1.6.1\Editor\VisualScripting.Core\Dependencies\DotNetZip\Unity.VisualScripting.IonicZip.dll
Native extension for WindowsStandalone target not found
Refreshing native plugins compatible for Editor in 1.17 ms, found 4 plugins.
Preloading 0 native plugins for Editor in 0.00 ms.
Mono: successfully reloaded assembly
- Completed reload, in  1.170 seconds
Domain Reload Profiling:
	ReloadAssembly (1171ms)
		BeginReloadAssembly (114ms)
			ExecutionOrderSort (0ms)
			DisableScriptedObjects (7ms)
			BackupInstance (0ms)
			ReleaseScriptingObjects (0ms)
			CreateAndSetChildDomain (40ms)
		EndReloadAssembly (1004ms)
			LoadAssemblies (93ms)
			RebuildTransferFunctionScriptingTraits (0ms)
			SetupTypeCache (356ms)
			ReleaseScriptCaches (2ms)
			RebuildScriptCaches (47ms)
			SetupLoadedEditorAssemblies (410ms)
				LogAssemblyErrors (0ms)
				InitializePlatformSupportModulesInManaged (4ms)
				SetLoadedEditorAssemblies (0ms)
				RefreshPlugins (1ms)
				BeforeProcessingInitializeOnLoad (78ms)
				ProcessInitializeOnLoadAttributes (315ms)
				ProcessInitializeOnLoadMethodAttributes (9ms)
				AfterProcessingInitializeOnLoad (2ms)
				EditorAssembliesLoaded (0ms)
			ExecutionOrderSort2 (0ms)
			AwakeInstancesAfterBackupRestoration (13ms)
Platform modules already initialized, skipping
Refreshing native plugins compatible for Editor in 1.08 ms, found 4 plugins.
Preloading 0 native plugins for Editor in 0.00 ms.
Unloading 4760 Unused Serialized files (Serialized files now loaded: 0)
System memory in use before: 187.1 MB.
System memory in use after: 187.2 MB.

Unloading 25 unused Assets to reduce memory usage. Loaded Objects now: 5356.
Total: 4.243300 ms (FindLiveObjects: 0.403000 ms CreateObjectMapping: 0.218600 ms MarkObjects: 3.460000 ms  DeleteObjects: 0.160600 ms)

AssetImportParameters requested are different than current active one (requested -> active):
  custom:framework-win-MediaFoundation: 216162199b28c13a410421893ffa2e32 -> 
  custom:video-decoder-ogg-theora: a1e56fd34408186e4bbccfd4996cb3dc -> 
  custom:container-muxer-webm: aa71ff27fc2769a1b78a27578f13a17b -> 
  custom:container-demuxer-webm: 4f35f7cbe854078d1ac9338744f61a02 -> 
  custom:container-demuxer-ogg: 62fdf1f143b41e24485cea50d1cbac27 -> 
  custom:video-encoder-webm-vp8: eb34c28f22e8b96e1ab97ce403110664 -> 
  custom:video-decoder-webm-vp8: 9c59270c3fd7afecdb556c50c9e8de78 -> 
  custom:audio-decoder-ogg-vorbis: bf7c407c2cedff20999df2af8eb42d56 -> 
  custom:audio-encoder-webm-vorbis: bf7c407c2cedff20999df2af8eb42d56 -> 
========================================================================
Received Prepare
Registering precompiled user dll's ...
Registered in 0.004834 seconds.
Begin MonoManager ReloadAssembly
Symbol file LoadedFromMemory doesn't match image D:\Programs\Unity\Unity Project\Roguelike Shooting\shooting-roguelike\Library\PackageCache\com.unity.visualscripting@1.6.1\Editor\VisualScripting.Core\Dependencies\YamlDotNet\Unity.VisualScripting.YamlDotNet.dll
Symbol file LoadedFromMemory doesn't match image D:\Programs\Unity\Unity Project\Roguelike Shooting\shooting-roguelike\Library\PackageCache\com.unity.visualscripting@1.6.1\Editor\VisualScripting.Core\Dependencies\DotNetZip\Unity.VisualScripting.IonicZip.dll
Native extension for WindowsStandalone target not found
Refreshing native plugins compatible for Editor in 1.11 ms, found 4 plugins.
Preloading 0 native plugins for Editor in 0.00 ms.
Mono: successfully reloaded assembly
- Completed reload, in  1.171 seconds
Domain Reload Profiling:
	ReloadAssembly (1171ms)
		BeginReloadAssembly (110ms)
			ExecutionOrderSort (0ms)
			DisableScriptedObjects (7ms)
			BackupInstance (0ms)
			ReleaseScriptingObjects (0ms)
			CreateAndSetChildDomain (37ms)
		EndReloadAssembly (1008ms)
			LoadAssemblies (88ms)
			RebuildTransferFunctionScriptingTraits (0ms)
			SetupTypeCache (394ms)
			ReleaseScriptCaches (2ms)
			RebuildScriptCaches (51ms)
			SetupLoadedEditorAssemblies (377ms)
				LogAssemblyErrors (0ms)
				InitializePlatformSupportModulesInManaged (4ms)
				SetLoadedEditorAssemblies (0ms)
				RefreshPlugins (1ms)
				BeforeProcessingInitializeOnLoad (74ms)
				ProcessInitializeOnLoadAttributes (286ms)
				ProcessInitializeOnLoadMethodAttributes (9ms)
				AfterProcessingInitializeOnLoad (2ms)
				EditorAssembliesLoaded (0ms)
			ExecutionOrderSort2 (0ms)
			AwakeInstancesAfterBackupRestoration (13ms)
Platform modules already initialized, skipping
Refreshing native plugins compatible for Editor in 1.08 ms, found 4 plugins.
Preloading 0 native plugins for Editor in 0.00 ms.
Unloading 4760 Unused Serialized files (Serialized files now loaded: 0)
System memory in use before: 187.3 MB.
System memory in use after: 187.4 MB.

Unloading 25 unused Assets to reduce memory usage. Loaded Objects now: 5359.
Total: 4.503600 ms (FindLiveObjects: 0.362700 ms CreateObjectMapping: 0.190200 ms MarkObjects: 3.836300 ms  DeleteObjects: 0.113000 ms)

AssetImportParameters requested are different than current active one (requested -> active):
  custom:framework-win-MediaFoundation: 216162199b28c13a410421893ffa2e32 -> 
  custom:video-decoder-ogg-theora: a1e56fd34408186e4bbccfd4996cb3dc -> 
  custom:container-muxer-webm: aa71ff27fc2769a1b78a27578f13a17b -> 
  custom:container-demuxer-webm: 4f35f7cbe854078d1ac9338744f61a02 -> 
  custom:container-demuxer-ogg: 62fdf1f143b41e24485cea50d1cbac27 -> 
  custom:video-encoder-webm-vp8: eb34c28f22e8b96e1ab97ce403110664 -> 
  custom:video-decoder-webm-vp8: 9c59270c3fd7afecdb556c50c9e8de78 -> 
  custom:audio-decoder-ogg-vorbis: bf7c407c2cedff20999df2af8eb42d56 -> 
  custom:audio-encoder-webm-vorbis: bf7c407c2cedff20999df2af8eb42d56 -> 
========================================================================
Received Prepare
Registering precompiled user dll's ...
Registered in 0.003509 seconds.
Begin MonoManager ReloadAssembly
Symbol file LoadedFromMemory doesn't match image D:\Programs\Unity\Unity Project\Roguelike Shooting\shooting-roguelike\Library\PackageCache\com.unity.visualscripting@1.6.1\Editor\VisualScripting.Core\Dependencies\YamlDotNet\Unity.VisualScripting.YamlDotNet.dll
Symbol file LoadedFromMemory doesn't match image D:\Programs\Unity\Unity Project\Roguelike Shooting\shooting-roguelike\Library\PackageCache\com.unity.visualscripting@1.6.1\Editor\VisualScripting.Core\Dependencies\DotNetZip\Unity.VisualScripting.IonicZip.dll
Native extension for WindowsStandalone target not found
Refreshing native plugins compatible for Editor in 1.82 ms, found 4 plugins.
Preloading 0 native plugins for Editor in 0.00 ms.
Mono: successfully reloaded assembly
- Completed reload, in  1.372 seconds
Domain Reload Profiling:
	ReloadAssembly (1373ms)
		BeginReloadAssembly (188ms)
			ExecutionOrderSort (0ms)
			DisableScriptedObjects (7ms)
			BackupInstance (0ms)
			ReleaseScriptingObjects (0ms)
			CreateAndSetChildDomain (63ms)
		EndReloadAssembly (1110ms)
			LoadAssemblies (135ms)
			RebuildTransferFunctionScriptingTraits (0ms)
			SetupTypeCache (450ms)
			ReleaseScriptCaches (2ms)
			RebuildScriptCaches (48ms)
			SetupLoadedEditorAssemblies (403ms)
				LogAssemblyErrors (0ms)
				InitializePlatformSupportModulesInManaged (6ms)
				SetLoadedEditorAssemblies (1ms)
				RefreshPlugins (2ms)
				BeforeProcessingInitializeOnLoad (77ms)
				ProcessInitializeOnLoadAttributes (302ms)
				ProcessInitializeOnLoadMethodAttributes (13ms)
				AfterProcessingInitializeOnLoad (2ms)
				EditorAssembliesLoaded (0ms)
			ExecutionOrderSort2 (0ms)
			AwakeInstancesAfterBackupRestoration (14ms)
Platform modules already initialized, skipping
Refreshing native plugins compatible for Editor in 1.25 ms, found 4 plugins.
Preloading 0 native plugins for Editor in 0.00 ms.
Unloading 4760 Unused Serialized files (Serialized files now loaded: 0)
System memory in use before: 187.3 MB.
System memory in use after: 187.4 MB.

Unloading 25 unused Assets to reduce memory usage. Loaded Objects now: 5362.
Total: 4.348500 ms (FindLiveObjects: 0.411900 ms CreateObjectMapping: 0.285300 ms MarkObjects: 3.508100 ms  DeleteObjects: 0.142100 ms)

AssetImportParameters requested are different than current active one (requested -> active):
  custom:framework-win-MediaFoundation: 216162199b28c13a410421893ffa2e32 -> 
  custom:video-decoder-ogg-theora: a1e56fd34408186e4bbccfd4996cb3dc -> 
  custom:container-muxer-webm: aa71ff27fc2769a1b78a27578f13a17b -> 
  custom:container-demuxer-webm: 4f35f7cbe854078d1ac9338744f61a02 -> 
  custom:container-demuxer-ogg: 62fdf1f143b41e24485cea50d1cbac27 -> 
  custom:video-encoder-webm-vp8: eb34c28f22e8b96e1ab97ce403110664 -> 
  custom:video-decoder-webm-vp8: 9c59270c3fd7afecdb556c50c9e8de78 -> 
  custom:audio-decoder-ogg-vorbis: bf7c407c2cedff20999df2af8eb42d56 -> 
  custom:audio-encoder-webm-vorbis: bf7c407c2cedff20999df2af8eb42d56 -> 
========================================================================
Received Import Request.
  Time since last request: 262.087144 seconds.
  path: Assets/Scenes/TestBinary.unity
  artifactKey: Guid(4ffe2b79cc44ff1469b570116b70ec63) Importer(815301076,1909f56bfc062723c751e8b465ee728b)
Start importing Assets/Scenes/TestBinary.unity using Guid(4ffe2b79cc44ff1469b570116b70ec63) Importer(815301076,1909f56bfc062723c751e8b465ee728b)  -> (artifact id: 'eb571fdbddb265d14e3d9ab6c14bb2c3') in 0.044373 seconds 
========================================================================
Received Import Request.
  Time since last request: 1.599406 seconds.
  path: Assets/Scenes/Character Select.unity
  artifactKey: Guid(8f7ff25982dec3143a683124f528d36d) Importer(815301076,1909f56bfc062723c751e8b465ee728b)
Start importing Assets/Scenes/Character Select.unity using Guid(8f7ff25982dec3143a683124f528d36d) Importer(815301076,1909f56bfc062723c751e8b465ee728b)  -> (artifact id: '25477a63b4112fbed22f05b51580ebcf') in 0.013852 seconds 
========================================================================
Received Prepare
Registering precompiled user dll's ...
Registered in 0.003437 seconds.
Begin MonoManager ReloadAssembly
Symbol file LoadedFromMemory doesn't match image D:\Programs\Unity\Unity Project\Roguelike Shooting\shooting-roguelike\Library\PackageCache\com.unity.visualscripting@1.6.1\Editor\VisualScripting.Core\Dependencies\YamlDotNet\Unity.VisualScripting.YamlDotNet.dll
Symbol file LoadedFromMemory doesn't match image D:\Programs\Unity\Unity Project\Roguelike Shooting\shooting-roguelike\Library\PackageCache\com.unity.visualscripting@1.6.1\Editor\VisualScripting.Core\Dependencies\DotNetZip\Unity.VisualScripting.IonicZip.dll
Native extension for WindowsStandalone target not found
Refreshing native plugins compatible for Editor in 1.22 ms, found 4 plugins.
Preloading 0 native plugins for Editor in 0.00 ms.
Mono: successfully reloaded assembly
- Completed reload, in  1.156 seconds
Domain Reload Profiling:
	ReloadAssembly (1156ms)
		BeginReloadAssembly (128ms)
			ExecutionOrderSort (0ms)
			DisableScriptedObjects (7ms)
			BackupInstance (0ms)
			ReleaseScriptingObjects (0ms)
			CreateAndSetChildDomain (50ms)
		EndReloadAssembly (979ms)
			LoadAssemblies (89ms)
			RebuildTransferFunctionScriptingTraits (0ms)
			SetupTypeCache (355ms)
			ReleaseScriptCaches (2ms)
			RebuildScriptCaches (49ms)
			SetupLoadedEditorAssemblies (377ms)
				LogAssemblyErrors (0ms)
				InitializePlatformSupportModulesInManaged (5ms)
				SetLoadedEditorAssemblies (0ms)
				RefreshPlugins (1ms)
				BeforeProcessingInitializeOnLoad (79ms)
				ProcessInitializeOnLoadAttributes (280ms)
				ProcessInitializeOnLoadMethodAttributes (9ms)
				AfterProcessingInitializeOnLoad (2ms)
				EditorAssembliesLoaded (0ms)
			ExecutionOrderSort2 (0ms)
			AwakeInstancesAfterBackupRestoration (14ms)
Platform modules already initialized, skipping
Refreshing native plugins compatible for Editor in 1.08 ms, found 4 plugins.
Preloading 0 native plugins for Editor in 0.00 ms.
Unloading 4760 Unused Serialized files (Serialized files now loaded: 0)
System memory in use before: 187.3 MB.
System memory in use after: 187.4 MB.

Unloading 25 unused Assets to reduce memory usage. Loaded Objects now: 5365.
Total: 4.314700 ms (FindLiveObjects: 0.394000 ms CreateObjectMapping: 0.192400 ms MarkObjects: 3.604600 ms  DeleteObjects: 0.122700 ms)

AssetImportParameters requested are different than current active one (requested -> active):
  custom:framework-win-MediaFoundation: 216162199b28c13a410421893ffa2e32 -> 
  custom:video-decoder-ogg-theora: a1e56fd34408186e4bbccfd4996cb3dc -> 
  custom:container-muxer-webm: aa71ff27fc2769a1b78a27578f13a17b -> 
  custom:container-demuxer-webm: 4f35f7cbe854078d1ac9338744f61a02 -> 
  custom:container-demuxer-ogg: 62fdf1f143b41e24485cea50d1cbac27 -> 
  custom:video-encoder-webm-vp8: eb34c28f22e8b96e1ab97ce403110664 -> 
  custom:video-decoder-webm-vp8: 9c59270c3fd7afecdb556c50c9e8de78 -> 
  custom:audio-decoder-ogg-vorbis: bf7c407c2cedff20999df2af8eb42d56 -> 
  custom:audio-encoder-webm-vorbis: bf7c407c2cedff20999df2af8eb42d56 -> 
========================================================================
Received Import Request.
  Time since last request: 7.763844 seconds.
  path: Assets/Scenes/Level 1.unity
  artifactKey: Guid(9a188d1107a5d87488fdfe171a0ee003) Importer(815301076,1909f56bfc062723c751e8b465ee728b)
Start importing Assets/Scenes/Level 1.unity using Guid(9a188d1107a5d87488fdfe171a0ee003) Importer(815301076,1909f56bfc062723c751e8b465ee728b)  -> (artifact id: '31e6885a77d173358127b9e182ecf8f8') in 0.027209 seconds 
========================================================================
Received Import Request.
  Time since last request: 296.075762 seconds.
  path: Assets/Scenes/Boss 1.unity
  artifactKey: Guid(4017d955197e39b41beb92e2054e8312) Importer(815301076,1909f56bfc062723c751e8b465ee728b)
Start importing Assets/Scenes/Boss 1.unity using Guid(4017d955197e39b41beb92e2054e8312) Importer(815301076,1909f56bfc062723c751e8b465ee728b)  -> (artifact id: '0b313c1fe58f58a7f946804ab0982826') in 0.001699 seconds 
========================================================================
Received Prepare
Registering precompiled user dll's ...
Registered in 0.003552 seconds.
Begin MonoManager ReloadAssembly
Symbol file LoadedFromMemory doesn't match image D:\Programs\Unity\Unity Project\Roguelike Shooting\shooting-roguelike\Library\PackageCache\com.unity.visualscripting@1.6.1\Editor\VisualScripting.Core\Dependencies\YamlDotNet\Unity.VisualScripting.YamlDotNet.dll
Symbol file LoadedFromMemory doesn't match image D:\Programs\Unity\Unity Project\Roguelike Shooting\shooting-roguelike\Library\PackageCache\com.unity.visualscripting@1.6.1\Editor\VisualScripting.Core\Dependencies\DotNetZip\Unity.VisualScripting.IonicZip.dll
Native extension for WindowsStandalone target not found
Refreshing native plugins compatible for Editor in 1.09 ms, found 4 plugins.
Preloading 0 native plugins for Editor in 0.00 ms.
Mono: successfully reloaded assembly
- Completed reload, in  1.294 seconds
Domain Reload Profiling:
	ReloadAssembly (1295ms)
		BeginReloadAssembly (141ms)
			ExecutionOrderSort (0ms)
			DisableScriptedObjects (9ms)
			BackupInstance (0ms)
			ReleaseScriptingObjects (0ms)
			CreateAndSetChildDomain (57ms)
		EndReloadAssembly (1098ms)
			LoadAssemblies (97ms)
			RebuildTransferFunctionScriptingTraits (0ms)
			SetupTypeCache (390ms)
			ReleaseScriptCaches (2ms)
			RebuildScriptCaches (104ms)
			SetupLoadedEditorAssemblies (401ms)
				LogAssemblyErrors (0ms)
				InitializePlatformSupportModulesInManaged (4ms)
				SetLoadedEditorAssemblies (0ms)
				RefreshPlugins (1ms)
				BeforeProcessingInitializeOnLoad (74ms)
				ProcessInitializeOnLoadAttributes (309ms)
				ProcessInitializeOnLoadMethodAttributes (9ms)
				AfterProcessingInitializeOnLoad (2ms)
				EditorAssembliesLoaded (0ms)
			ExecutionOrderSort2 (0ms)
			AwakeInstancesAfterBackupRestoration (18ms)
Platform modules already initialized, skipping
Refreshing native plugins compatible for Editor in 1.13 ms, found 4 plugins.
Preloading 0 native plugins for Editor in 0.00 ms.
Unloading 4760 Unused Serialized files (Serialized files now loaded: 0)
System memory in use before: 187.3 MB.
System memory in use after: 187.5 MB.

Unloading 25 unused Assets to reduce memory usage. Loaded Objects now: 5368.
Total: 4.351000 ms (FindLiveObjects: 0.395300 ms CreateObjectMapping: 0.209100 ms MarkObjects: 3.632200 ms  DeleteObjects: 0.113600 ms)

AssetImportParameters requested are different than current active one (requested -> active):
  custom:framework-win-MediaFoundation: 216162199b28c13a410421893ffa2e32 -> 
  custom:video-decoder-ogg-theora: a1e56fd34408186e4bbccfd4996cb3dc -> 
  custom:container-muxer-webm: aa71ff27fc2769a1b78a27578f13a17b -> 
  custom:container-demuxer-webm: 4f35f7cbe854078d1ac9338744f61a02 -> 
  custom:container-demuxer-ogg: 62fdf1f143b41e24485cea50d1cbac27 -> 
  custom:video-encoder-webm-vp8: eb34c28f22e8b96e1ab97ce403110664 -> 
  custom:video-decoder-webm-vp8: 9c59270c3fd7afecdb556c50c9e8de78 -> 
  custom:audio-decoder-ogg-vorbis: bf7c407c2cedff20999df2af8eb42d56 -> 
  custom:audio-encoder-webm-vorbis: bf7c407c2cedff20999df2af8eb42d56 -> 
========================================================================
Received Prepare
Refreshing native plugins compatible for Editor in 10.66 ms, found 4 plugins.
Preloading 0 native plugins for Editor in 0.00 ms.
Unloading 23 Unused Serialized files (Serialized files now loaded: 0)
System memory in use before: 93.7 MB.
System memory in use after: 93.8 MB.

Unloading 23 unused Assets to reduce memory usage. Loaded Objects now: 5368.
Total: 4.550100 ms (FindLiveObjects: 0.364800 ms CreateObjectMapping: 0.232200 ms MarkObjects: 3.831300 ms  DeleteObjects: 0.120900 ms)

AssetImportParameters requested are different than current active one (requested -> active):
  custom:framework-win-MediaFoundation: 216162199b28c13a410421893ffa2e32 -> 
  custom:video-decoder-ogg-theora: a1e56fd34408186e4bbccfd4996cb3dc -> 
  custom:container-muxer-webm: aa71ff27fc2769a1b78a27578f13a17b -> 
  custom:container-demuxer-webm: 4f35f7cbe854078d1ac9338744f61a02 -> 
  custom:container-demuxer-ogg: 62fdf1f143b41e24485cea50d1cbac27 -> 
  custom:video-encoder-webm-vp8: eb34c28f22e8b96e1ab97ce403110664 -> 
  custom:video-decoder-webm-vp8: 9c59270c3fd7afecdb556c50c9e8de78 -> 
  custom:audio-decoder-ogg-vorbis: bf7c407c2cedff20999df2af8eb42d56 -> 
  custom:audio-encoder-webm-vorbis: bf7c407c2cedff20999df2af8eb42d56 -> 
AssetImportWorkerClient::OnTransportError - code=2 error=End of file
