Using pre-set license
Built from '2021.1/release' branch; Version is '2021.1.16f1 (5fa502fca597) revision 6268162'; Using compiler version '192528614'; Build Type 'Release'
OS: 'Windows 10 Home Single Language; OS build 19043.1348; Version 2009; 64bit' Language: 'en' Physical Memory: 8036 MB
BatchMode: 1, IsHumanControllingUs: 0, StartBugReporterOnCrash: 0, Is64bit: 1, IsPro: 0

 COMMAND LINE ARGUMENTS:
D:\Programs\Unity\Unity\Unity 2021.1.16f1\Editor\Unity.exe
-adb2
-batchMode
-noUpm
-name
AssetImportWorker0
-projectPath
D:/Programs/Unity/Unity Project/Roguelike Shooting/shooting-roguelike
-logFile
Logs/AssetImportWorker0.log
-srvPort
64835
Successfully changed project path to: D:/Programs/Unity/Unity Project/Roguelike Shooting/shooting-roguelike
D:/Programs/Unity/Unity Project/Roguelike Shooting/shooting-roguelike
Using Asset Import Pipeline V2.
Refreshing native plugins compatible for Editor in 134.18 ms, found 4 plugins.
Preloading 0 native plugins for Editor in 0.00 ms.
Initialize engine version: 2021.1.16f1 (5fa502fca597)
[Subsystems] Discovering subsystems at path D:/Programs/Unity/Unity/Unity 2021.1.16f1/Editor/Data/Resources/UnitySubsystems
[Subsystems] Discovering subsystems at path D:/Programs/Unity/Unity Project/Roguelike Shooting/shooting-roguelike/Assets
GfxDevice: creating device client; threaded=0; jobified=0
Direct3D:
    Version:  Direct3D 11.0 [level 11.1]
    Renderer: NVIDIA GeForce GTX 1650 with Max-Q Design (ID=0x1f99)
    Vendor:   NVIDIA
    VRAM:     3962 MB
    Driver:   30.0.14.7196
Initialize mono
Mono path[0] = 'D:/Programs/Unity/Unity/Unity 2021.1.16f1/Editor/Data/Managed'
Mono path[1] = 'D:/Programs/Unity/Unity/Unity 2021.1.16f1/Editor/Data/MonoBleedingEdge/lib/mono/unityjit'
Mono config path = 'D:/Programs/Unity/Unity/Unity 2021.1.16f1/Editor/Data/MonoBleedingEdge/etc'
Using monoOptions --debugger-agent=transport=dt_socket,embedding=1,server=y,suspend=n,address=127.0.0.1:56564
Begin MonoManager ReloadAssembly
Registering precompiled unity dll's ...
Register platform support module: D:/Programs/Unity/Unity/Unity 2021.1.16f1/Editor/Data/PlaybackEngines/WindowsStandaloneSupport/UnityEditor.WindowsStandalone.Extensions.dll
Registered in 0.000741 seconds.
Native extension for WindowsStandalone target not found
Refreshing native plugins compatible for Editor in 116.14 ms, found 4 plugins.
Preloading 0 native plugins for Editor in 0.00 ms.
Mono: successfully reloaded assembly
- Completed reload, in  0.930 seconds
Domain Reload Profiling:
	ReloadAssembly (931ms)
		BeginReloadAssembly (75ms)
			ExecutionOrderSort (0ms)
			DisableScriptedObjects (0ms)
			BackupInstance (0ms)
			ReleaseScriptingObjects (0ms)
			CreateAndSetChildDomain (1ms)
		EndReloadAssembly (465ms)
			LoadAssemblies (74ms)
			RebuildTransferFunctionScriptingTraits (0ms)
			SetupTypeCache (152ms)
			ReleaseScriptCaches (0ms)
			RebuildScriptCaches (30ms)
			SetupLoadedEditorAssemblies (242ms)
				LogAssemblyErrors (0ms)
				InitializePlatformSupportModulesInManaged (5ms)
				SetLoadedEditorAssemblies (0ms)
				RefreshPlugins (116ms)
				BeforeProcessingInitializeOnLoad (1ms)
				ProcessInitializeOnLoadAttributes (91ms)
				ProcessInitializeOnLoadMethodAttributes (28ms)
				AfterProcessingInitializeOnLoad (0ms)
				EditorAssembliesLoaded (0ms)
			ExecutionOrderSort2 (0ms)
			AwakeInstancesAfterBackupRestoration (0ms)
Platform modules already initialized, skipping
Registering precompiled user dll's ...
Registered in 0.003247 seconds.
Begin MonoManager ReloadAssembly
Symbol file LoadedFromMemory doesn't match image D:\Programs\Unity\Unity Project\Roguelike Shooting\shooting-roguelike\Library\PackageCache\com.unity.visualscripting@1.6.1\Editor\VisualScripting.Core\Dependencies\YamlDotNet\Unity.VisualScripting.YamlDotNet.dll
Symbol file LoadedFromMemory doesn't match image D:\Programs\Unity\Unity Project\Roguelike Shooting\shooting-roguelike\Library\PackageCache\com.unity.visualscripting@1.6.1\Editor\VisualScripting.Core\Dependencies\DotNetZip\Unity.VisualScripting.IonicZip.dll
Native extension for WindowsStandalone target not found
Refreshing native plugins compatible for Editor in 126.96 ms, found 4 plugins.
Preloading 0 native plugins for Editor in 0.00 ms.
Mono: successfully reloaded assembly
- Completed reload, in  1.484 seconds
Domain Reload Profiling:
	ReloadAssembly (1484ms)
		BeginReloadAssembly (143ms)
			ExecutionOrderSort (0ms)
			DisableScriptedObjects (4ms)
			BackupInstance (0ms)
			ReleaseScriptingObjects (0ms)
			CreateAndSetChildDomain (18ms)
		EndReloadAssembly (1276ms)
			LoadAssemblies (97ms)
			RebuildTransferFunctionScriptingTraits (0ms)
			SetupTypeCache (451ms)
			ReleaseScriptCaches (1ms)
			RebuildScriptCaches (58ms)
			SetupLoadedEditorAssemblies (570ms)
				LogAssemblyErrors (0ms)
				InitializePlatformSupportModulesInManaged (4ms)
				SetLoadedEditorAssemblies (0ms)
				RefreshPlugins (127ms)
				BeforeProcessingInitializeOnLoad (79ms)
				ProcessInitializeOnLoadAttributes (342ms)
				ProcessInitializeOnLoadMethodAttributes (16ms)
				AfterProcessingInitializeOnLoad (3ms)
				EditorAssembliesLoaded (0ms)
			ExecutionOrderSort2 (0ms)
			AwakeInstancesAfterBackupRestoration (6ms)
Platform modules already initialized, skipping
========================================================================
Worker process is ready to serve import requests
Launched and connected shader compiler UnityShaderCompiler.exe after 0.05 seconds
Refreshing native plugins compatible for Editor in 2.18 ms, found 4 plugins.
Preloading 0 native plugins for Editor in 0.00 ms.
Unloading 3706 Unused Serialized files (Serialized files now loaded: 0)
System memory in use before: 138.2 MB.
System memory in use after: 138.3 MB.

Unloading 37 unused Assets to reduce memory usage. Loaded Objects now: 4153.
Total: 7.504500 ms (FindLiveObjects: 0.602200 ms CreateObjectMapping: 0.496500 ms MarkObjects: 6.231800 ms  DeleteObjects: 0.172400 ms)

AssetImportParameters requested are different than current active one (requested -> active):
  custom:framework-win-MediaFoundation: 216162199b28c13a410421893ffa2e32 -> 
  custom:video-decoder-ogg-theora: a1e56fd34408186e4bbccfd4996cb3dc -> 
  custom:container-muxer-webm: aa71ff27fc2769a1b78a27578f13a17b -> 
  custom:container-demuxer-webm: 4f35f7cbe854078d1ac9338744f61a02 -> 
  custom:container-demuxer-ogg: 62fdf1f143b41e24485cea50d1cbac27 -> 
  custom:video-encoder-webm-vp8: eb34c28f22e8b96e1ab97ce403110664 -> 
  custom:video-decoder-webm-vp8: 9c59270c3fd7afecdb556c50c9e8de78 -> 
  custom:audio-decoder-ogg-vorbis: bf7c407c2cedff20999df2af8eb42d56 -> 
  custom:audio-encoder-webm-vorbis: bf7c407c2cedff20999df2af8eb42d56 -> 
========================================================================
Received Import Request.
  path: Assets/Scenes/Level 4.unity
  artifactKey: Guid(bbcd9342a5a9f934d9e47f09d09b233c) Importer(815301076,1909f56bfc062723c751e8b465ee728b)
Start importing Assets/Scenes/Level 4.unity using Guid(bbcd9342a5a9f934d9e47f09d09b233c) Importer(815301076,1909f56bfc062723c751e8b465ee728b)  -> (artifact id: '2902fd92859987fb147370acc64c0d4d') in 0.019926 seconds 
========================================================================
Received Import Request.
  Time since last request: 3450.687908 seconds.
  path: Assets/Sprites/v1.1 dungeon crawler 16x16 pixel pack/enemies/slime/slime_idle_spritesheet.png
  artifactKey: Guid(777a36fc410cdcc49a86948c5378cc9b) Importer(815301076,1909f56bfc062723c751e8b465ee728b)
Start importing Assets/Sprites/v1.1 dungeon crawler 16x16 pixel pack/enemies/slime/slime_idle_spritesheet.png using Guid(777a36fc410cdcc49a86948c5378cc9b) Importer(815301076,1909f56bfc062723c751e8b465ee728b)  -> (artifact id: '47641268e2de5747aa1673898641d4d7') in 0.229996 seconds 
========================================================================
Received Import Request.
  Time since last request: 0.000213 seconds.
  path: Assets/Sprites/v1.1 dungeon crawler 16x16 pixel pack/enemies/slime/slime_run_anim_f0.png
  artifactKey: Guid(998d6212bb129384b8d2a7803d4619b4) Importer(815301076,1909f56bfc062723c751e8b465ee728b)
Start importing Assets/Sprites/v1.1 dungeon crawler 16x16 pixel pack/enemies/slime/slime_run_anim_f0.png using Guid(998d6212bb129384b8d2a7803d4619b4) Importer(815301076,1909f56bfc062723c751e8b465ee728b)  -> (artifact id: '155b30d56d106a19bd15dba33a121799') in 0.016290 seconds 
========================================================================
Received Import Request.
  Time since last request: 47.303585 seconds.
  path: Assets/Sprites/v1.1 dungeon crawler 16x16 pixel pack/enemies/slime/slime_run_anim_f1.png
  artifactKey: Guid(ddc5960ddabb1e84b97fb634a6db3766) Importer(815301076,1909f56bfc062723c751e8b465ee728b)
Start importing Assets/Sprites/v1.1 dungeon crawler 16x16 pixel pack/enemies/slime/slime_run_anim_f1.png using Guid(ddc5960ddabb1e84b97fb634a6db3766) Importer(815301076,1909f56bfc062723c751e8b465ee728b)  -> (artifact id: 'a3f6b1c880f85a8e2940014e7c931aa1') in 0.030275 seconds 
========================================================================
Received Import Request.
  Time since last request: 2.280082 seconds.
  path: Assets/Sprites/v1.1 dungeon crawler 16x16 pixel pack/enemies/slime/slime_run_anim_f2.png
  artifactKey: Guid(3e50b6ec5ed839d46b4e941c2baad986) Importer(815301076,1909f56bfc062723c751e8b465ee728b)
Start importing Assets/Sprites/v1.1 dungeon crawler 16x16 pixel pack/enemies/slime/slime_run_anim_f2.png using Guid(3e50b6ec5ed839d46b4e941c2baad986) Importer(815301076,1909f56bfc062723c751e8b465ee728b)  -> (artifact id: '7ecd940ce019fac753e569e45856cc0f') in 0.010529 seconds 
========================================================================
Received Import Request.
  Time since last request: 1.578995 seconds.
  path: Assets/Sprites/v1.1 dungeon crawler 16x16 pixel pack/enemies/slime/slime_idle_anim_f5.png
  artifactKey: Guid(9d1b00ba38121d342b076c9ceb8360ad) Importer(815301076,1909f56bfc062723c751e8b465ee728b)
Start importing Assets/Sprites/v1.1 dungeon crawler 16x16 pixel pack/enemies/slime/slime_idle_anim_f5.png using Guid(9d1b00ba38121d342b076c9ceb8360ad) Importer(815301076,1909f56bfc062723c751e8b465ee728b)  -> (artifact id: 'dfe12bf6c5273a54e63d55ba2d8272bf') in 0.019508 seconds 
========================================================================
Received Import Request.
  Time since last request: 160.419608 seconds.
  path: Assets/Sprites/Enemies/slime/slime_run_spritesheeet.png
  artifactKey: Guid(516ad32f4f20de947825bae79bdcf009) Importer(815301076,1909f56bfc062723c751e8b465ee728b)
Start importing Assets/Sprites/Enemies/slime/slime_run_spritesheeet.png using Guid(516ad32f4f20de947825bae79bdcf009) Importer(815301076,1909f56bfc062723c751e8b465ee728b)  -> (artifact id: '75a72a9739bc4219bd8e84cbfd79712e') in 0.008270 seconds 
========================================================================
Received Import Request.
  Time since last request: 101.283110 seconds.
  path: Assets/Sprites/Enemies/slime/slime_run_spritesheeet.png
  artifactKey: Guid(516ad32f4f20de947825bae79bdcf009) Importer(815301076,1909f56bfc062723c751e8b465ee728b)
Start importing Assets/Sprites/Enemies/slime/slime_run_spritesheeet.png using Guid(516ad32f4f20de947825bae79bdcf009) Importer(815301076,1909f56bfc062723c751e8b465ee728b)  -> (artifact id: 'd6eb3e58fc9e9eedd091bd90962cb710') in 0.016479 seconds 
========================================================================
Received Import Request.
  Time since last request: 45.010371 seconds.
  path: Assets/Animations/Enemy - Slime.controller
  artifactKey: Guid(53f664d20929d1642a7198b23ed793af) Importer(815301076,1909f56bfc062723c751e8b465ee728b)
Start importing Assets/Animations/Enemy - Slime.controller using Guid(53f664d20929d1642a7198b23ed793af) Importer(815301076,1909f56bfc062723c751e8b465ee728b)  -> (artifact id: 'dfd2ef3ea112bba36649b569b54de7cd') in 0.010990 seconds 
========================================================================
Received Prepare
Registering precompiled user dll's ...
Registered in 0.023446 seconds.
Begin MonoManager ReloadAssembly
Symbol file LoadedFromMemory doesn't match image D:\Programs\Unity\Unity Project\Roguelike Shooting\shooting-roguelike\Library\PackageCache\com.unity.visualscripting@1.6.1\Editor\VisualScripting.Core\Dependencies\YamlDotNet\Unity.VisualScripting.YamlDotNet.dll
Symbol file LoadedFromMemory doesn't match image D:\Programs\Unity\Unity Project\Roguelike Shooting\shooting-roguelike\Library\PackageCache\com.unity.visualscripting@1.6.1\Editor\VisualScripting.Core\Dependencies\DotNetZip\Unity.VisualScripting.IonicZip.dll
Native extension for WindowsStandalone target not found
Refreshing native plugins compatible for Editor in 1.07 ms, found 4 plugins.
Preloading 0 native plugins for Editor in 0.00 ms.
Mono: successfully reloaded assembly
- Completed reload, in  1.267 seconds
Domain Reload Profiling:
	ReloadAssembly (1268ms)
		BeginReloadAssembly (229ms)
			ExecutionOrderSort (0ms)
			DisableScriptedObjects (13ms)
			BackupInstance (0ms)
			ReleaseScriptingObjects (0ms)
			CreateAndSetChildDomain (106ms)
		EndReloadAssembly (984ms)
			LoadAssemblies (106ms)
			RebuildTransferFunctionScriptingTraits (0ms)
			SetupTypeCache (369ms)
			ReleaseScriptCaches (2ms)
			RebuildScriptCaches (45ms)
			SetupLoadedEditorAssemblies (372ms)
				LogAssemblyErrors (0ms)
				InitializePlatformSupportModulesInManaged (4ms)
				SetLoadedEditorAssemblies (0ms)
				RefreshPlugins (1ms)
				BeforeProcessingInitializeOnLoad (57ms)
				ProcessInitializeOnLoadAttributes (298ms)
				ProcessInitializeOnLoadMethodAttributes (9ms)
				AfterProcessingInitializeOnLoad (2ms)
				EditorAssembliesLoaded (0ms)
			ExecutionOrderSort2 (0ms)
			AwakeInstancesAfterBackupRestoration (16ms)
Platform modules already initialized, skipping
Refreshing native plugins compatible for Editor in 1.27 ms, found 4 plugins.
Preloading 0 native plugins for Editor in 0.00 ms.
Unloading 3707 Unused Serialized files (Serialized files now loaded: 0)
System memory in use before: 145.4 MB.
System memory in use after: 145.5 MB.

Unloading 25 unused Assets to reduce memory usage. Loaded Objects now: 4268.
Total: 4.121500 ms (FindLiveObjects: 0.315700 ms CreateObjectMapping: 0.155500 ms MarkObjects: 3.557400 ms  DeleteObjects: 0.091700 ms)

AssetImportParameters requested are different than current active one (requested -> active):
  custom:framework-win-MediaFoundation: 216162199b28c13a410421893ffa2e32 -> 
  custom:video-decoder-ogg-theora: a1e56fd34408186e4bbccfd4996cb3dc -> 
  custom:container-muxer-webm: aa71ff27fc2769a1b78a27578f13a17b -> 
  custom:container-demuxer-webm: 4f35f7cbe854078d1ac9338744f61a02 -> 
  custom:container-demuxer-ogg: 62fdf1f143b41e24485cea50d1cbac27 -> 
  custom:video-encoder-webm-vp8: eb34c28f22e8b96e1ab97ce403110664 -> 
  custom:video-decoder-webm-vp8: 9c59270c3fd7afecdb556c50c9e8de78 -> 
  custom:audio-decoder-ogg-vorbis: bf7c407c2cedff20999df2af8eb42d56 -> 
  custom:audio-encoder-webm-vorbis: bf7c407c2cedff20999df2af8eb42d56 -> 
========================================================================
Received Prepare
Registering precompiled user dll's ...
Registered in 0.003345 seconds.
Begin MonoManager ReloadAssembly
Symbol file LoadedFromMemory doesn't match image D:\Programs\Unity\Unity Project\Roguelike Shooting\shooting-roguelike\Library\PackageCache\com.unity.visualscripting@1.6.1\Editor\VisualScripting.Core\Dependencies\YamlDotNet\Unity.VisualScripting.YamlDotNet.dll
Symbol file LoadedFromMemory doesn't match image D:\Programs\Unity\Unity Project\Roguelike Shooting\shooting-roguelike\Library\PackageCache\com.unity.visualscripting@1.6.1\Editor\VisualScripting.Core\Dependencies\DotNetZip\Unity.VisualScripting.IonicZip.dll
Native extension for WindowsStandalone target not found
Refreshing native plugins compatible for Editor in 0.90 ms, found 4 plugins.
Preloading 0 native plugins for Editor in 0.00 ms.
Mono: successfully reloaded assembly
- Completed reload, in  1.075 seconds
Domain Reload Profiling:
	ReloadAssembly (1075ms)
		BeginReloadAssembly (117ms)
			ExecutionOrderSort (0ms)
			DisableScriptedObjects (7ms)
			BackupInstance (0ms)
			ReleaseScriptingObjects (0ms)
			CreateAndSetChildDomain (36ms)
		EndReloadAssembly (906ms)
			LoadAssemblies (84ms)
			RebuildTransferFunctionScriptingTraits (0ms)
			SetupTypeCache (332ms)
			ReleaseScriptCaches (1ms)
			RebuildScriptCaches (41ms)
			SetupLoadedEditorAssemblies (352ms)
				LogAssemblyErrors (0ms)
				InitializePlatformSupportModulesInManaged (4ms)
				SetLoadedEditorAssemblies (0ms)
				RefreshPlugins (1ms)
				BeforeProcessingInitializeOnLoad (54ms)
				ProcessInitializeOnLoadAttributes (281ms)
				ProcessInitializeOnLoadMethodAttributes (8ms)
				AfterProcessingInitializeOnLoad (2ms)
				EditorAssembliesLoaded (0ms)
			ExecutionOrderSort2 (0ms)
			AwakeInstancesAfterBackupRestoration (14ms)
Platform modules already initialized, skipping
Refreshing native plugins compatible for Editor in 0.92 ms, found 4 plugins.
Preloading 0 native plugins for Editor in 0.00 ms.
Unloading 3701 Unused Serialized files (Serialized files now loaded: 0)
System memory in use before: 145.2 MB.
System memory in use after: 145.3 MB.

Unloading 25 unused Assets to reduce memory usage. Loaded Objects now: 4271.
Total: 3.748000 ms (FindLiveObjects: 0.375300 ms CreateObjectMapping: 0.181000 ms MarkObjects: 3.102800 ms  DeleteObjects: 0.088100 ms)

AssetImportParameters requested are different than current active one (requested -> active):
  custom:framework-win-MediaFoundation: 216162199b28c13a410421893ffa2e32 -> 
  custom:video-decoder-ogg-theora: a1e56fd34408186e4bbccfd4996cb3dc -> 
  custom:container-muxer-webm: aa71ff27fc2769a1b78a27578f13a17b -> 
  custom:container-demuxer-webm: 4f35f7cbe854078d1ac9338744f61a02 -> 
  custom:container-demuxer-ogg: 62fdf1f143b41e24485cea50d1cbac27 -> 
  custom:video-encoder-webm-vp8: eb34c28f22e8b96e1ab97ce403110664 -> 
  custom:video-decoder-webm-vp8: 9c59270c3fd7afecdb556c50c9e8de78 -> 
  custom:audio-decoder-ogg-vorbis: bf7c407c2cedff20999df2af8eb42d56 -> 
  custom:audio-encoder-webm-vorbis: bf7c407c2cedff20999df2af8eb42d56 -> 
========================================================================
Received Import Request.
  Time since last request: 854.686571 seconds.
  path: Assets/Sprites/2D Pixel Dungeon Asset Pack/Character_animation/priests_idle/priest1/v2
  artifactKey: Guid(f6f0a60d8e300fe4582e72a14587d8b6) Importer(815301076,1909f56bfc062723c751e8b465ee728b)
Start importing Assets/Sprites/2D Pixel Dungeon Asset Pack/Character_animation/priests_idle/priest1/v2 using Guid(f6f0a60d8e300fe4582e72a14587d8b6) Importer(815301076,1909f56bfc062723c751e8b465ee728b)  -> (artifact id: 'b75b0ead64411c45e6b66bfb3e5b6136') in 0.008456 seconds 
========================================================================
Received Import Request.
  Time since last request: 0.041540 seconds.
  path: Assets/Sprites/2D Pixel Dungeon Asset Pack/Character_animation/priests_idle/priest1/v2/priest1_v2_1.png
  artifactKey: Guid(843065147481b164fbb238a0e700c6d5) Importer(815301076,1909f56bfc062723c751e8b465ee728b)
Start importing Assets/Sprites/2D Pixel Dungeon Asset Pack/Character_animation/priests_idle/priest1/v2/priest1_v2_1.png using Guid(843065147481b164fbb238a0e700c6d5) Importer(815301076,1909f56bfc062723c751e8b465ee728b)  -> (artifact id: 'b04f0be4de26dcd37b2553165dea7776') in 0.046643 seconds 
========================================================================
Received Import Request.
  Time since last request: 0.000262 seconds.
  path: Assets/Sprites/2D Pixel Dungeon Asset Pack/Character_animation/priests_idle/priest1/v2/priest1_v2_3.png
  artifactKey: Guid(720222a4cf18b4641a23c530685c9eda) Importer(815301076,1909f56bfc062723c751e8b465ee728b)
Start importing Assets/Sprites/2D Pixel Dungeon Asset Pack/Character_animation/priests_idle/priest1/v2/priest1_v2_3.png using Guid(720222a4cf18b4641a23c530685c9eda) Importer(815301076,1909f56bfc062723c751e8b465ee728b)  -> (artifact id: '48fc007b866b169e8b8e07ad512f1d5b') in 0.011804 seconds 
========================================================================
Received Import Request.
  Time since last request: 0.000401 seconds.
  path: Assets/Sprites/2D Pixel Dungeon Asset Pack/Character_animation/priests_idle/priest1/v2/priest1_v2_4.png
  artifactKey: Guid(249388f80c02bf74db4884a516c4d839) Importer(815301076,1909f56bfc062723c751e8b465ee728b)
Start importing Assets/Sprites/2D Pixel Dungeon Asset Pack/Character_animation/priests_idle/priest1/v2/priest1_v2_4.png using Guid(249388f80c02bf74db4884a516c4d839) Importer(815301076,1909f56bfc062723c751e8b465ee728b)  -> (artifact id: '14ad1445423612b9eff7fe4f9febf1f8') in 0.012026 seconds 
========================================================================
Received Import Request.
  Time since last request: 0.000327 seconds.
  path: Assets/Sprites/2D Pixel Dungeon Asset Pack/Character_animation/priests_idle/priest1/v2/priest1_v2_2.png
  artifactKey: Guid(8d1afb95d9af44746968a4e613f79abe) Importer(815301076,1909f56bfc062723c751e8b465ee728b)
Start importing Assets/Sprites/2D Pixel Dungeon Asset Pack/Character_animation/priests_idle/priest1/v2/priest1_v2_2.png using Guid(8d1afb95d9af44746968a4e613f79abe) Importer(815301076,1909f56bfc062723c751e8b465ee728b)  -> (artifact id: 'a80b77af1cbcc8e1aef568a3f615f4d9') in 0.012547 seconds 
========================================================================
Received Import Request.
  Time since last request: 51.098462 seconds.
  path: Assets/Sprites/2D Pixel Dungeon Asset Pack/Character_animation/monsters_idle/vampire/v1
  artifactKey: Guid(6e34ccbc1d9b2aa4db4ee0e8760fdbfe) Importer(815301076,1909f56bfc062723c751e8b465ee728b)
Start importing Assets/Sprites/2D Pixel Dungeon Asset Pack/Character_animation/monsters_idle/vampire/v1 using Guid(6e34ccbc1d9b2aa4db4ee0e8760fdbfe) Importer(815301076,1909f56bfc062723c751e8b465ee728b)  -> (artifact id: '39831079d7eafbf883cb359199f555e3') in 0.049952 seconds 
========================================================================
Received Import Request.
  Time since last request: 0.000284 seconds.
  path: Assets/Sprites/2D Pixel Dungeon Asset Pack/Character_animation/monsters_idle/vampire/v1/vampire_v1_2.png
  artifactKey: Guid(6cd76161887c0764eaba3505cf1488ae) Importer(815301076,1909f56bfc062723c751e8b465ee728b)
Start importing Assets/Sprites/2D Pixel Dungeon Asset Pack/Character_animation/monsters_idle/vampire/v1/vampire_v1_2.png using Guid(6cd76161887c0764eaba3505cf1488ae) Importer(815301076,1909f56bfc062723c751e8b465ee728b)  -> (artifact id: '6752bcb57ccbfb8b5816d5cad5d6a9d3') in 0.106954 seconds 
========================================================================
Received Import Request.
  Time since last request: 0.000254 seconds.
  path: Assets/Sprites/2D Pixel Dungeon Asset Pack/Character_animation/monsters_idle/vampire/v1/vampire_v1_3.png
  artifactKey: Guid(f560dd348dfc1564eb8eb8cd30faf7d9) Importer(815301076,1909f56bfc062723c751e8b465ee728b)
Start importing Assets/Sprites/2D Pixel Dungeon Asset Pack/Character_animation/monsters_idle/vampire/v1/vampire_v1_3.png using Guid(f560dd348dfc1564eb8eb8cd30faf7d9) Importer(815301076,1909f56bfc062723c751e8b465ee728b)  -> (artifact id: '7a9e654a7e1dafe134a8713881fc0d90') in 0.073858 seconds 
========================================================================
Received Import Request.
  Time since last request: 0.000252 seconds.
  path: Assets/Sprites/2D Pixel Dungeon Asset Pack/Character_animation/monsters_idle/vampire/v1/vampire_v1_4.png
  artifactKey: Guid(e7c760f5fa0b2a74aa2d52487fba27f8) Importer(815301076,1909f56bfc062723c751e8b465ee728b)
Start importing Assets/Sprites/2D Pixel Dungeon Asset Pack/Character_animation/monsters_idle/vampire/v1/vampire_v1_4.png using Guid(e7c760f5fa0b2a74aa2d52487fba27f8) Importer(815301076,1909f56bfc062723c751e8b465ee728b)  -> (artifact id: 'e05b37426cf160735ca0c9174cbf4f9d') in 0.151145 seconds 
========================================================================
Received Import Request.
  Time since last request: 0.000257 seconds.
  path: Assets/Sprites/2D Pixel Dungeon Asset Pack/Character_animation/monsters_idle/vampire/v1/vampire_v1_1.png
  artifactKey: Guid(7be68aa27dcc943489ccb4c15b5db8b6) Importer(815301076,1909f56bfc062723c751e8b465ee728b)
Start importing Assets/Sprites/2D Pixel Dungeon Asset Pack/Character_animation/monsters_idle/vampire/v1/vampire_v1_1.png using Guid(7be68aa27dcc943489ccb4c15b5db8b6) Importer(815301076,1909f56bfc062723c751e8b465ee728b)  -> (artifact id: 'ad47079629f4321cd252f9eb7d58b946') in 0.307250 seconds 
========================================================================
Received Import Request.
  Time since last request: 474.212704 seconds.
  path: Assets/Animations/Body 2.controller
  artifactKey: Guid(afda0a67d54e8eb4db254d96a25f3d92) Importer(815301076,1909f56bfc062723c751e8b465ee728b)
Start importing Assets/Animations/Body 2.controller using Guid(afda0a67d54e8eb4db254d96a25f3d92) Importer(815301076,1909f56bfc062723c751e8b465ee728b)  -> (artifact id: '4acc9e47d2dec5245575332c71a46291') in 0.003672 seconds 
========================================================================
Received Prepare
Registering precompiled user dll's ...
Registered in 0.003433 seconds.
Begin MonoManager ReloadAssembly
Symbol file LoadedFromMemory doesn't match image D:\Programs\Unity\Unity Project\Roguelike Shooting\shooting-roguelike\Library\PackageCache\com.unity.visualscripting@1.6.1\Editor\VisualScripting.Core\Dependencies\YamlDotNet\Unity.VisualScripting.YamlDotNet.dll
Symbol file LoadedFromMemory doesn't match image D:\Programs\Unity\Unity Project\Roguelike Shooting\shooting-roguelike\Library\PackageCache\com.unity.visualscripting@1.6.1\Editor\VisualScripting.Core\Dependencies\DotNetZip\Unity.VisualScripting.IonicZip.dll
Native extension for WindowsStandalone target not found
Refreshing native plugins compatible for Editor in 0.98 ms, found 4 plugins.
Preloading 0 native plugins for Editor in 0.00 ms.
Mono: successfully reloaded assembly
- Completed reload, in  1.162 seconds
Domain Reload Profiling:
	ReloadAssembly (1163ms)
		BeginReloadAssembly (132ms)
			ExecutionOrderSort (0ms)
			DisableScriptedObjects (7ms)
			BackupInstance (0ms)
			ReleaseScriptingObjects (0ms)
			CreateAndSetChildDomain (47ms)
		EndReloadAssembly (978ms)
			LoadAssemblies (94ms)
			RebuildTransferFunctionScriptingTraits (0ms)
			SetupTypeCache (354ms)
			ReleaseScriptCaches (1ms)
			RebuildScriptCaches (44ms)
			SetupLoadedEditorAssemblies (378ms)
				LogAssemblyErrors (0ms)
				InitializePlatformSupportModulesInManaged (4ms)
				SetLoadedEditorAssemblies (0ms)
				RefreshPlugins (1ms)
				BeforeProcessingInitializeOnLoad (58ms)
				ProcessInitializeOnLoadAttributes (303ms)
				ProcessInitializeOnLoadMethodAttributes (8ms)
				AfterProcessingInitializeOnLoad (2ms)
				EditorAssembliesLoaded (0ms)
			ExecutionOrderSort2 (0ms)
			AwakeInstancesAfterBackupRestoration (15ms)
Platform modules already initialized, skipping
Refreshing native plugins compatible for Editor in 1.56 ms, found 4 plugins.
Preloading 0 native plugins for Editor in 0.00 ms.
Unloading 3709 Unused Serialized files (Serialized files now loaded: 0)
System memory in use before: 148.9 MB.
System memory in use after: 149.0 MB.

Unloading 25 unused Assets to reduce memory usage. Loaded Objects now: 4395.
Total: 3.734600 ms (FindLiveObjects: 0.289600 ms CreateObjectMapping: 0.183800 ms MarkObjects: 3.170100 ms  DeleteObjects: 0.090200 ms)

AssetImportParameters requested are different than current active one (requested -> active):
  custom:framework-win-MediaFoundation: 216162199b28c13a410421893ffa2e32 -> 
  custom:video-decoder-ogg-theora: a1e56fd34408186e4bbccfd4996cb3dc -> 
  custom:container-muxer-webm: aa71ff27fc2769a1b78a27578f13a17b -> 
  custom:container-demuxer-webm: 4f35f7cbe854078d1ac9338744f61a02 -> 
  custom:container-demuxer-ogg: 62fdf1f143b41e24485cea50d1cbac27 -> 
  custom:video-encoder-webm-vp8: eb34c28f22e8b96e1ab97ce403110664 -> 
  custom:video-decoder-webm-vp8: 9c59270c3fd7afecdb556c50c9e8de78 -> 
  custom:audio-decoder-ogg-vorbis: bf7c407c2cedff20999df2af8eb42d56 -> 
  custom:audio-encoder-webm-vorbis: bf7c407c2cedff20999df2af8eb42d56 -> 
========================================================================
Received Import Request.
  Time since last request: 104.118129 seconds.
  path: Assets/Sprites/2D Pixel Dungeon Asset Pack/Character_animation/monsters_idle/skeleton1/v2
  artifactKey: Guid(d650e79c40251a543819ad5adb6fa34c) Importer(815301076,1909f56bfc062723c751e8b465ee728b)
Start importing Assets/Sprites/2D Pixel Dungeon Asset Pack/Character_animation/monsters_idle/skeleton1/v2 using Guid(d650e79c40251a543819ad5adb6fa34c) Importer(815301076,1909f56bfc062723c751e8b465ee728b)  -> (artifact id: 'b35612e8bc3f2d7a36badbbb30dfb772') in 0.024200 seconds 
========================================================================
Received Import Request.
  Time since last request: 0.040202 seconds.
  path: Assets/Sprites/2D Pixel Dungeon Asset Pack/Character_animation/monsters_idle/skeleton1/v2/skeleton_v2_1.png
  artifactKey: Guid(791caabdb7b7d1b46aa8acae978cd322) Importer(815301076,1909f56bfc062723c751e8b465ee728b)
Start importing Assets/Sprites/2D Pixel Dungeon Asset Pack/Character_animation/monsters_idle/skeleton1/v2/skeleton_v2_1.png using Guid(791caabdb7b7d1b46aa8acae978cd322) Importer(815301076,1909f56bfc062723c751e8b465ee728b)  -> (artifact id: 'c9fffb5c3cb81627d98a58ea56718613') in 0.056463 seconds 
========================================================================
Received Import Request.
  Time since last request: 0.000264 seconds.
  path: Assets/Sprites/2D Pixel Dungeon Asset Pack/Character_animation/monsters_idle/skeleton1/v2/skeleton_v2_2.png
  artifactKey: Guid(56df52906c9ebaa40aee1f5d6887f58a) Importer(815301076,1909f56bfc062723c751e8b465ee728b)
Start importing Assets/Sprites/2D Pixel Dungeon Asset Pack/Character_animation/monsters_idle/skeleton1/v2/skeleton_v2_2.png using Guid(56df52906c9ebaa40aee1f5d6887f58a) Importer(815301076,1909f56bfc062723c751e8b465ee728b)  -> (artifact id: '5859ad14bc257ef69080a4cf8d4756fd') in 0.017998 seconds 
========================================================================
Received Import Request.
  Time since last request: 0.000282 seconds.
  path: Assets/Sprites/2D Pixel Dungeon Asset Pack/Character_animation/monsters_idle/skeleton1/v2/skeleton_v2_4.png
  artifactKey: Guid(2304274eee0a529449e7ec7abab54137) Importer(815301076,1909f56bfc062723c751e8b465ee728b)
Start importing Assets/Sprites/2D Pixel Dungeon Asset Pack/Character_animation/monsters_idle/skeleton1/v2/skeleton_v2_4.png using Guid(2304274eee0a529449e7ec7abab54137) Importer(815301076,1909f56bfc062723c751e8b465ee728b)  -> (artifact id: '4c19125f871e25f686533086178820a5') in 0.018031 seconds 
========================================================================
Received Import Request.
  Time since last request: 0.000271 seconds.
  path: Assets/Sprites/2D Pixel Dungeon Asset Pack/Character_animation/monsters_idle/skeleton1/v2/skeleton_v2_3.png
  artifactKey: Guid(1f60191f818aa1b478b52699ee69a37f) Importer(815301076,1909f56bfc062723c751e8b465ee728b)
Start importing Assets/Sprites/2D Pixel Dungeon Asset Pack/Character_animation/monsters_idle/skeleton1/v2/skeleton_v2_3.png using Guid(1f60191f818aa1b478b52699ee69a37f) Importer(815301076,1909f56bfc062723c751e8b465ee728b)  -> (artifact id: '1efe96f5a6ebaac5580cb21b1574dffc') in 0.010650 seconds 
========================================================================
Received Import Request.
  Time since last request: 224.503122 seconds.
  path: Assets/Sprites/2D Pixel Dungeon Asset Pack/Character_animation/monsters_idle/skeleton1/v2/skeleton_v2_1.png
  artifactKey: Guid(791caabdb7b7d1b46aa8acae978cd322) Importer(815301076,1909f56bfc062723c751e8b465ee728b)
Start importing Assets/Sprites/2D Pixel Dungeon Asset Pack/Character_animation/monsters_idle/skeleton1/v2/skeleton_v2_1.png using Guid(791caabdb7b7d1b46aa8acae978cd322) Importer(815301076,1909f56bfc062723c751e8b465ee728b)  -> (artifact id: '87c28bedbf3a88887b24c3895f304075') in 0.009346 seconds 
========================================================================
Received Import Request.
  Time since last request: 0.000473 seconds.
  path: Assets/Sprites/2D Pixel Dungeon Asset Pack/Character_animation/monsters_idle/skeleton1/v2/skeleton_v2_2.png
  artifactKey: Guid(56df52906c9ebaa40aee1f5d6887f58a) Importer(815301076,1909f56bfc062723c751e8b465ee728b)
Start importing Assets/Sprites/2D Pixel Dungeon Asset Pack/Character_animation/monsters_idle/skeleton1/v2/skeleton_v2_2.png using Guid(56df52906c9ebaa40aee1f5d6887f58a) Importer(815301076,1909f56bfc062723c751e8b465ee728b)  -> (artifact id: '7b66d764092dcc3169c6fc18b9c56251') in 0.014247 seconds 
========================================================================
Received Import Request.
  Time since last request: 0.000433 seconds.
  path: Assets/Sprites/2D Pixel Dungeon Asset Pack/Character_animation/monsters_idle/skeleton1/v2/skeleton_v2_4.png
  artifactKey: Guid(2304274eee0a529449e7ec7abab54137) Importer(815301076,1909f56bfc062723c751e8b465ee728b)
Start importing Assets/Sprites/2D Pixel Dungeon Asset Pack/Character_animation/monsters_idle/skeleton1/v2/skeleton_v2_4.png using Guid(2304274eee0a529449e7ec7abab54137) Importer(815301076,1909f56bfc062723c751e8b465ee728b)  -> (artifact id: '3e6ae7c52d80ac0d0b63621cea9c9869') in 0.015515 seconds 
========================================================================
Received Import Request.
  Time since last request: 0.000359 seconds.
  path: Assets/Sprites/2D Pixel Dungeon Asset Pack/Character_animation/monsters_idle/skeleton1/v2/skeleton_v2_3.png
  artifactKey: Guid(1f60191f818aa1b478b52699ee69a37f) Importer(815301076,1909f56bfc062723c751e8b465ee728b)
Start importing Assets/Sprites/2D Pixel Dungeon Asset Pack/Character_animation/monsters_idle/skeleton1/v2/skeleton_v2_3.png using Guid(1f60191f818aa1b478b52699ee69a37f) Importer(815301076,1909f56bfc062723c751e8b465ee728b)  -> (artifact id: '887716df4082a1b201c0eaa890bf3654') in 0.011795 seconds 
========================================================================
Received Import Request.
  Time since last request: 15.428463 seconds.
  path: Assets/Sprites/2D Pixel Dungeon Asset Pack/Character_animation/monsters_idle/skeleton1/v2/skeleton_v2_1.png
  artifactKey: Guid(791caabdb7b7d1b46aa8acae978cd322) Importer(815301076,1909f56bfc062723c751e8b465ee728b)
Start importing Assets/Sprites/2D Pixel Dungeon Asset Pack/Character_animation/monsters_idle/skeleton1/v2/skeleton_v2_1.png using Guid(791caabdb7b7d1b46aa8acae978cd322) Importer(815301076,1909f56bfc062723c751e8b465ee728b)  -> (artifact id: 'c573b31ede840769992bb5fbb8a2ad2d') in 0.018996 seconds 
========================================================================
Received Import Request.
  Time since last request: 0.000305 seconds.
  path: Assets/Sprites/2D Pixel Dungeon Asset Pack/Character_animation/monsters_idle/skeleton1/v2/skeleton_v2_2.png
  artifactKey: Guid(56df52906c9ebaa40aee1f5d6887f58a) Importer(815301076,1909f56bfc062723c751e8b465ee728b)
Start importing Assets/Sprites/2D Pixel Dungeon Asset Pack/Character_animation/monsters_idle/skeleton1/v2/skeleton_v2_2.png using Guid(56df52906c9ebaa40aee1f5d6887f58a) Importer(815301076,1909f56bfc062723c751e8b465ee728b)  -> (artifact id: 'ce6eb83a1dcffbdabb6b0533eca5c5b7') in 0.022449 seconds 
========================================================================
Received Import Request.
  Time since last request: 0.000334 seconds.
  path: Assets/Sprites/2D Pixel Dungeon Asset Pack/Character_animation/monsters_idle/skeleton1/v2/skeleton_v2_4.png
  artifactKey: Guid(2304274eee0a529449e7ec7abab54137) Importer(815301076,1909f56bfc062723c751e8b465ee728b)
Start importing Assets/Sprites/2D Pixel Dungeon Asset Pack/Character_animation/monsters_idle/skeleton1/v2/skeleton_v2_4.png using Guid(2304274eee0a529449e7ec7abab54137) Importer(815301076,1909f56bfc062723c751e8b465ee728b)  -> (artifact id: '25a96f855cb3a479695ecab800fad1c7') in 0.021895 seconds 
========================================================================
Received Import Request.
  Time since last request: 0.000299 seconds.
  path: Assets/Sprites/2D Pixel Dungeon Asset Pack/Character_animation/monsters_idle/skeleton1/v2/skeleton_v2_3.png
  artifactKey: Guid(1f60191f818aa1b478b52699ee69a37f) Importer(815301076,1909f56bfc062723c751e8b465ee728b)
Start importing Assets/Sprites/2D Pixel Dungeon Asset Pack/Character_animation/monsters_idle/skeleton1/v2/skeleton_v2_3.png using Guid(1f60191f818aa1b478b52699ee69a37f) Importer(815301076,1909f56bfc062723c751e8b465ee728b)  -> (artifact id: '412555e40f083ebc798d48bcbe9f0d5b') in 0.022268 seconds 
========================================================================
Received Prepare
Registering precompiled user dll's ...
Registered in 0.003399 seconds.
Begin MonoManager ReloadAssembly
Symbol file LoadedFromMemory doesn't match image D:\Programs\Unity\Unity Project\Roguelike Shooting\shooting-roguelike\Library\PackageCache\com.unity.visualscripting@1.6.1\Editor\VisualScripting.Core\Dependencies\YamlDotNet\Unity.VisualScripting.YamlDotNet.dll
Symbol file LoadedFromMemory doesn't match image D:\Programs\Unity\Unity Project\Roguelike Shooting\shooting-roguelike\Library\PackageCache\com.unity.visualscripting@1.6.1\Editor\VisualScripting.Core\Dependencies\DotNetZip\Unity.VisualScripting.IonicZip.dll
Native extension for WindowsStandalone target not found
Refreshing native plugins compatible for Editor in 0.88 ms, found 4 plugins.
Preloading 0 native plugins for Editor in 0.00 ms.
Mono: successfully reloaded assembly
- Completed reload, in  1.306 seconds
Domain Reload Profiling:
	ReloadAssembly (1307ms)
		BeginReloadAssembly (142ms)
			ExecutionOrderSort (0ms)
			DisableScriptedObjects (7ms)
			BackupInstance (0ms)
			ReleaseScriptingObjects (0ms)
			CreateAndSetChildDomain (49ms)
		EndReloadAssembly (1104ms)
			LoadAssemblies (100ms)
			RebuildTransferFunctionScriptingTraits (0ms)
			SetupTypeCache (421ms)
			ReleaseScriptCaches (1ms)
			RebuildScriptCaches (45ms)
			SetupLoadedEditorAssemblies (411ms)
				LogAssemblyErrors (0ms)
				InitializePlatformSupportModulesInManaged (4ms)
				SetLoadedEditorAssemblies (0ms)
				RefreshPlugins (1ms)
				BeforeProcessingInitializeOnLoad (61ms)
				ProcessInitializeOnLoadAttributes (333ms)
				ProcessInitializeOnLoadMethodAttributes (9ms)
				AfterProcessingInitializeOnLoad (2ms)
				EditorAssembliesLoaded (0ms)
			ExecutionOrderSort2 (0ms)
			AwakeInstancesAfterBackupRestoration (21ms)
Platform modules already initialized, skipping
Refreshing native plugins compatible for Editor in 0.96 ms, found 4 plugins.
Preloading 0 native plugins for Editor in 0.00 ms.
Unloading 3705 Unused Serialized files (Serialized files now loaded: 0)
System memory in use before: 153.5 MB.
System memory in use after: 153.6 MB.

Unloading 25 unused Assets to reduce memory usage. Loaded Objects now: 4571.
Total: 6.163900 ms (FindLiveObjects: 0.761400 ms CreateObjectMapping: 0.433500 ms MarkObjects: 4.863600 ms  DeleteObjects: 0.103000 ms)

AssetImportParameters requested are different than current active one (requested -> active):
  custom:framework-win-MediaFoundation: 216162199b28c13a410421893ffa2e32 -> 
  custom:video-decoder-ogg-theora: a1e56fd34408186e4bbccfd4996cb3dc -> 
  custom:container-muxer-webm: aa71ff27fc2769a1b78a27578f13a17b -> 
  custom:container-demuxer-webm: 4f35f7cbe854078d1ac9338744f61a02 -> 
  custom:container-demuxer-ogg: 62fdf1f143b41e24485cea50d1cbac27 -> 
  custom:video-encoder-webm-vp8: eb34c28f22e8b96e1ab97ce403110664 -> 
  custom:video-decoder-webm-vp8: 9c59270c3fd7afecdb556c50c9e8de78 -> 
  custom:audio-decoder-ogg-vorbis: bf7c407c2cedff20999df2af8eb42d56 -> 
  custom:audio-encoder-webm-vorbis: bf7c407c2cedff20999df2af8eb42d56 -> 
========================================================================
Received Import Request.
  Time since last request: 316.950423 seconds.
  path: Assets/Prefabs/Enemies/Enemy - Bat.prefab
  artifactKey: Guid(4e34e7a6968ce9048bf71a37689690b1) Importer(815301076,1909f56bfc062723c751e8b465ee728b)
Start importing Assets/Prefabs/Enemies/Enemy - Bat.prefab using Guid(4e34e7a6968ce9048bf71a37689690b1) Importer(815301076,1909f56bfc062723c751e8b465ee728b)  -> (artifact id: '106fdbacf3b647029d32c0e109e27b7f') in 0.113428 seconds 
========================================================================
Received Import Request.
  Time since last request: 0.000319 seconds.
  path: Assets/Prefabs/Enemies/Enemy - Vampire.prefab
  artifactKey: Guid(780d4d0e7956b794d8b99d25111b3478) Importer(815301076,1909f56bfc062723c751e8b465ee728b)
Start importing Assets/Prefabs/Enemies/Enemy - Vampire.prefab using Guid(780d4d0e7956b794d8b99d25111b3478) Importer(815301076,1909f56bfc062723c751e8b465ee728b)  -> (artifact id: '54a13fa47cf5a47854f14d5041cd5faf') in 0.021586 seconds 
========================================================================
Received Import Request.
  Time since last request: 0.000257 seconds.
  path: Assets/Prefabs/Enemies/Enemy - Slime.prefab
  artifactKey: Guid(308e347980f50f9408f552962d17861e) Importer(815301076,1909f56bfc062723c751e8b465ee728b)
Start importing Assets/Prefabs/Enemies/Enemy - Slime.prefab using Guid(308e347980f50f9408f552962d17861e) Importer(815301076,1909f56bfc062723c751e8b465ee728b)  -> (artifact id: '01a32a064fdbe0751e305be3d32c8996') in 0.023706 seconds 
========================================================================
Received Import Request.
  Time since last request: 80.089374 seconds.
  path: Assets/Prefabs/Enemies/Goblin Bullet.prefab
  artifactKey: Guid(57ddf5a120db5ba43b97a55c212295a1) Importer(815301076,1909f56bfc062723c751e8b465ee728b)
Start importing Assets/Prefabs/Enemies/Goblin Bullet.prefab using Guid(57ddf5a120db5ba43b97a55c212295a1) Importer(815301076,1909f56bfc062723c751e8b465ee728b)  -> (artifact id: 'f183a1573e0feb0f3f9c01a5d77dcc29') in 0.010667 seconds 
========================================================================
Received Import Request.
  Time since last request: 159.470803 seconds.
  path: Assets/Prefabs/Enemies/Enemy - Skeleton.prefab
  artifactKey: Guid(3968c73d497032c4ea1094b67d001a20) Importer(815301076,1909f56bfc062723c751e8b465ee728b)
Start importing Assets/Prefabs/Enemies/Enemy - Skeleton.prefab using Guid(3968c73d497032c4ea1094b67d001a20) Importer(815301076,1909f56bfc062723c751e8b465ee728b)  -> (artifact id: '60776e2fdd1f6c4a235a01b3f1153688') in 0.014656 seconds 
========================================================================
Received Import Request.
  Time since last request: 29.179953 seconds.
  path: Assets/Sprites/2D Pixel Dungeon Asset Pack/Character_animation/priests_idle/priest3/v1/priest3_v1_1.png
  artifactKey: Guid(a401203b2ec20b24ca48a05b0327b16d) Importer(815301076,1909f56bfc062723c751e8b465ee728b)
Start importing Assets/Sprites/2D Pixel Dungeon Asset Pack/Character_animation/priests_idle/priest3/v1/priest3_v1_1.png using Guid(a401203b2ec20b24ca48a05b0327b16d) Importer(815301076,1909f56bfc062723c751e8b465ee728b)  -> (artifact id: '1ecbe8ebbf844ef4af3524f8f006d9d0') in 0.037720 seconds 
========================================================================
Received Import Request.
  Time since last request: 0.000285 seconds.
  path: Assets/Sprites/2D Pixel Dungeon Asset Pack/Character_animation/priests_idle/priest3/v1/priest3_v1_4.png
  artifactKey: Guid(9dad832a10574ea41a690c197983b70b) Importer(815301076,1909f56bfc062723c751e8b465ee728b)
Start importing Assets/Sprites/2D Pixel Dungeon Asset Pack/Character_animation/priests_idle/priest3/v1/priest3_v1_4.png using Guid(9dad832a10574ea41a690c197983b70b) Importer(815301076,1909f56bfc062723c751e8b465ee728b)  -> (artifact id: '9fbe2350f8d8f4336416abfa1060b972') in 0.022452 seconds 
========================================================================
Received Import Request.
  Time since last request: 0.000263 seconds.
  path: Assets/Sprites/2D Pixel Dungeon Asset Pack/Character_animation/priests_idle/priest3/v1/priest3_v1_3.png
  artifactKey: Guid(f367966ec63e4f94598288d850a0bba6) Importer(815301076,1909f56bfc062723c751e8b465ee728b)
Start importing Assets/Sprites/2D Pixel Dungeon Asset Pack/Character_animation/priests_idle/priest3/v1/priest3_v1_3.png using Guid(f367966ec63e4f94598288d850a0bba6) Importer(815301076,1909f56bfc062723c751e8b465ee728b)  -> (artifact id: 'f25679983f06a5c140ef8893b7edc1a1') in 0.023626 seconds 
========================================================================
Received Import Request.
  Time since last request: 0.000268 seconds.
  path: Assets/Sprites/2D Pixel Dungeon Asset Pack/Character_animation/priests_idle/priest3/v1/priest3_v1_2.png
  artifactKey: Guid(3203ab80cb8c3c1498d21ae69de630e9) Importer(815301076,1909f56bfc062723c751e8b465ee728b)
Start importing Assets/Sprites/2D Pixel Dungeon Asset Pack/Character_animation/priests_idle/priest3/v1/priest3_v1_2.png using Guid(3203ab80cb8c3c1498d21ae69de630e9) Importer(815301076,1909f56bfc062723c751e8b465ee728b)  -> (artifact id: '7efa36ee9ec498e05604adc24e7cb8d1') in 0.025639 seconds 
========================================================================
Received Import Request.
  Time since last request: 424.522809 seconds.
  path: Assets/Prefabs/Enemies/Enemy - Skull.prefab
  artifactKey: Guid(1dd188c890e72d64ca5225f6f545ade3) Importer(815301076,1909f56bfc062723c751e8b465ee728b)
Start importing Assets/Prefabs/Enemies/Enemy - Skull.prefab using Guid(1dd188c890e72d64ca5225f6f545ade3) Importer(815301076,1909f56bfc062723c751e8b465ee728b)  -> (artifact id: 'ff88a885846f89bd617b9f52726d3b19') in 0.023399 seconds 
========================================================================
Received Prepare
Registering precompiled user dll's ...
Registered in 0.003474 seconds.
Begin MonoManager ReloadAssembly
Symbol file LoadedFromMemory doesn't match image D:\Programs\Unity\Unity Project\Roguelike Shooting\shooting-roguelike\Library\PackageCache\com.unity.visualscripting@1.6.1\Editor\VisualScripting.Core\Dependencies\YamlDotNet\Unity.VisualScripting.YamlDotNet.dll
Symbol file LoadedFromMemory doesn't match image D:\Programs\Unity\Unity Project\Roguelike Shooting\shooting-roguelike\Library\PackageCache\com.unity.visualscripting@1.6.1\Editor\VisualScripting.Core\Dependencies\DotNetZip\Unity.VisualScripting.IonicZip.dll
Native extension for WindowsStandalone target not found
Refreshing native plugins compatible for Editor in 0.87 ms, found 4 plugins.
Preloading 0 native plugins for Editor in 0.00 ms.
Mono: successfully reloaded assembly
- Completed reload, in  1.320 seconds
Domain Reload Profiling:
	ReloadAssembly (1320ms)
		BeginReloadAssembly (124ms)
			ExecutionOrderSort (0ms)
			DisableScriptedObjects (9ms)
			BackupInstance (0ms)
			ReleaseScriptingObjects (0ms)
			CreateAndSetChildDomain (42ms)
		EndReloadAssembly (1140ms)
			LoadAssemblies (100ms)
			RebuildTransferFunctionScriptingTraits (0ms)
			SetupTypeCache (414ms)
			ReleaseScriptCaches (3ms)
			RebuildScriptCaches (64ms)
			SetupLoadedEditorAssemblies (414ms)
				LogAssemblyErrors (0ms)
				InitializePlatformSupportModulesInManaged (4ms)
				SetLoadedEditorAssemblies (0ms)
				RefreshPlugins (1ms)
				BeforeProcessingInitializeOnLoad (62ms)
				ProcessInitializeOnLoadAttributes (334ms)
				ProcessInitializeOnLoadMethodAttributes (11ms)
				AfterProcessingInitializeOnLoad (2ms)
				EditorAssembliesLoaded (0ms)
			ExecutionOrderSort2 (0ms)
			AwakeInstancesAfterBackupRestoration (26ms)
Platform modules already initialized, skipping
Refreshing native plugins compatible for Editor in 0.91 ms, found 4 plugins.
Preloading 0 native plugins for Editor in 0.00 ms.
Unloading 3705 Unused Serialized files (Serialized files now loaded: 0)
System memory in use before: 155.2 MB.
System memory in use after: 155.3 MB.

Unloading 25 unused Assets to reduce memory usage. Loaded Objects now: 4639.
Total: 4.036300 ms (FindLiveObjects: 0.363000 ms CreateObjectMapping: 0.165700 ms MarkObjects: 3.412200 ms  DeleteObjects: 0.094300 ms)

AssetImportParameters requested are different than current active one (requested -> active):
  custom:framework-win-MediaFoundation: 216162199b28c13a410421893ffa2e32 -> 
  custom:video-decoder-ogg-theora: a1e56fd34408186e4bbccfd4996cb3dc -> 
  custom:container-muxer-webm: aa71ff27fc2769a1b78a27578f13a17b -> 
  custom:container-demuxer-webm: 4f35f7cbe854078d1ac9338744f61a02 -> 
  custom:container-demuxer-ogg: 62fdf1f143b41e24485cea50d1cbac27 -> 
  custom:video-encoder-webm-vp8: eb34c28f22e8b96e1ab97ce403110664 -> 
  custom:video-decoder-webm-vp8: 9c59270c3fd7afecdb556c50c9e8de78 -> 
  custom:audio-decoder-ogg-vorbis: bf7c407c2cedff20999df2af8eb42d56 -> 
  custom:audio-encoder-webm-vorbis: bf7c407c2cedff20999df2af8eb42d56 -> 
========================================================================
Received Prepare
Registering precompiled user dll's ...
Registered in 0.003270 seconds.
Begin MonoManager ReloadAssembly
Symbol file LoadedFromMemory doesn't match image D:\Programs\Unity\Unity Project\Roguelike Shooting\shooting-roguelike\Library\PackageCache\com.unity.visualscripting@1.6.1\Editor\VisualScripting.Core\Dependencies\YamlDotNet\Unity.VisualScripting.YamlDotNet.dll
Symbol file LoadedFromMemory doesn't match image D:\Programs\Unity\Unity Project\Roguelike Shooting\shooting-roguelike\Library\PackageCache\com.unity.visualscripting@1.6.1\Editor\VisualScripting.Core\Dependencies\DotNetZip\Unity.VisualScripting.IonicZip.dll
Native extension for WindowsStandalone target not found
Refreshing native plugins compatible for Editor in 1.04 ms, found 4 plugins.
Preloading 0 native plugins for Editor in 0.00 ms.
Mono: successfully reloaded assembly
- Completed reload, in  1.272 seconds
Domain Reload Profiling:
	ReloadAssembly (1273ms)
		BeginReloadAssembly (139ms)
			ExecutionOrderSort (0ms)
			DisableScriptedObjects (11ms)
			BackupInstance (0ms)
			ReleaseScriptingObjects (0ms)
			CreateAndSetChildDomain (40ms)
		EndReloadAssembly (1079ms)
			LoadAssemblies (103ms)
			RebuildTransferFunctionScriptingTraits (0ms)
			SetupTypeCache (380ms)
			ReleaseScriptCaches (1ms)
			RebuildScriptCaches (48ms)
			SetupLoadedEditorAssemblies (419ms)
				LogAssemblyErrors (0ms)
				InitializePlatformSupportModulesInManaged (5ms)
				SetLoadedEditorAssemblies (0ms)
				RefreshPlugins (1ms)
				BeforeProcessingInitializeOnLoad (69ms)
				ProcessInitializeOnLoadAttributes (333ms)
				ProcessInitializeOnLoadMethodAttributes (9ms)
				AfterProcessingInitializeOnLoad (2ms)
				EditorAssembliesLoaded (0ms)
			ExecutionOrderSort2 (0ms)
			AwakeInstancesAfterBackupRestoration (25ms)
Platform modules already initialized, skipping
Refreshing native plugins compatible for Editor in 0.89 ms, found 4 plugins.
Preloading 0 native plugins for Editor in 0.00 ms.
Unloading 3701 Unused Serialized files (Serialized files now loaded: 0)
System memory in use before: 155.0 MB.
System memory in use after: 155.2 MB.

Unloading 25 unused Assets to reduce memory usage. Loaded Objects now: 4642.
Total: 8.168600 ms (FindLiveObjects: 0.926100 ms CreateObjectMapping: 0.935900 ms MarkObjects: 6.094900 ms  DeleteObjects: 0.210400 ms)

AssetImportParameters requested are different than current active one (requested -> active):
  custom:framework-win-MediaFoundation: 216162199b28c13a410421893ffa2e32 -> 
  custom:video-decoder-ogg-theora: a1e56fd34408186e4bbccfd4996cb3dc -> 
  custom:container-muxer-webm: aa71ff27fc2769a1b78a27578f13a17b -> 
  custom:container-demuxer-webm: 4f35f7cbe854078d1ac9338744f61a02 -> 
  custom:container-demuxer-ogg: 62fdf1f143b41e24485cea50d1cbac27 -> 
  custom:video-encoder-webm-vp8: eb34c28f22e8b96e1ab97ce403110664 -> 
  custom:video-decoder-webm-vp8: 9c59270c3fd7afecdb556c50c9e8de78 -> 
  custom:audio-decoder-ogg-vorbis: bf7c407c2cedff20999df2af8eb42d56 -> 
  custom:audio-encoder-webm-vorbis: bf7c407c2cedff20999df2af8eb42d56 -> 
========================================================================
Received Prepare
Registering precompiled user dll's ...
Registered in 0.003159 seconds.
Begin MonoManager ReloadAssembly
Symbol file LoadedFromMemory doesn't match image D:\Programs\Unity\Unity Project\Roguelike Shooting\shooting-roguelike\Library\PackageCache\com.unity.visualscripting@1.6.1\Editor\VisualScripting.Core\Dependencies\YamlDotNet\Unity.VisualScripting.YamlDotNet.dll
Symbol file LoadedFromMemory doesn't match image D:\Programs\Unity\Unity Project\Roguelike Shooting\shooting-roguelike\Library\PackageCache\com.unity.visualscripting@1.6.1\Editor\VisualScripting.Core\Dependencies\DotNetZip\Unity.VisualScripting.IonicZip.dll
Native extension for WindowsStandalone target not found
Refreshing native plugins compatible for Editor in 0.89 ms, found 4 plugins.
Preloading 0 native plugins for Editor in 0.00 ms.
Mono: successfully reloaded assembly
- Completed reload, in  1.220 seconds
Domain Reload Profiling:
	ReloadAssembly (1220ms)
		BeginReloadAssembly (130ms)
			ExecutionOrderSort (0ms)
			DisableScriptedObjects (17ms)
			BackupInstance (0ms)
			ReleaseScriptingObjects (0ms)
			CreateAndSetChildDomain (43ms)
		EndReloadAssembly (1037ms)
			LoadAssemblies (95ms)
			RebuildTransferFunctionScriptingTraits (0ms)
			SetupTypeCache (391ms)
			ReleaseScriptCaches (1ms)
			RebuildScriptCaches (49ms)
			SetupLoadedEditorAssemblies (394ms)
				LogAssemblyErrors (0ms)
				InitializePlatformSupportModulesInManaged (4ms)
				SetLoadedEditorAssemblies (0ms)
				RefreshPlugins (1ms)
				BeforeProcessingInitializeOnLoad (64ms)
				ProcessInitializeOnLoadAttributes (310ms)
				ProcessInitializeOnLoadMethodAttributes (12ms)
				AfterProcessingInitializeOnLoad (2ms)
				EditorAssembliesLoaded (0ms)
			ExecutionOrderSort2 (0ms)
			AwakeInstancesAfterBackupRestoration (18ms)
Platform modules already initialized, skipping
Refreshing native plugins compatible for Editor in 2.27 ms, found 4 plugins.
Preloading 0 native plugins for Editor in 0.00 ms.
Unloading 3701 Unused Serialized files (Serialized files now loaded: 0)
System memory in use before: 155.0 MB.
System memory in use after: 155.2 MB.

Unloading 25 unused Assets to reduce memory usage. Loaded Objects now: 4645.
Total: 3.890900 ms (FindLiveObjects: 0.316500 ms CreateObjectMapping: 0.192100 ms MarkObjects: 3.288300 ms  DeleteObjects: 0.093300 ms)

AssetImportParameters requested are different than current active one (requested -> active):
  custom:framework-win-MediaFoundation: 216162199b28c13a410421893ffa2e32 -> 
  custom:video-decoder-ogg-theora: a1e56fd34408186e4bbccfd4996cb3dc -> 
  custom:container-muxer-webm: aa71ff27fc2769a1b78a27578f13a17b -> 
  custom:container-demuxer-webm: 4f35f7cbe854078d1ac9338744f61a02 -> 
  custom:container-demuxer-ogg: 62fdf1f143b41e24485cea50d1cbac27 -> 
  custom:video-encoder-webm-vp8: eb34c28f22e8b96e1ab97ce403110664 -> 
  custom:video-decoder-webm-vp8: 9c59270c3fd7afecdb556c50c9e8de78 -> 
  custom:audio-decoder-ogg-vorbis: bf7c407c2cedff20999df2af8eb42d56 -> 
  custom:audio-encoder-webm-vorbis: bf7c407c2cedff20999df2af8eb42d56 -> 
========================================================================
Received Prepare
Registering precompiled user dll's ...
Registered in 0.004486 seconds.
Begin MonoManager ReloadAssembly
Symbol file LoadedFromMemory doesn't match image D:\Programs\Unity\Unity Project\Roguelike Shooting\shooting-roguelike\Library\PackageCache\com.unity.visualscripting@1.6.1\Editor\VisualScripting.Core\Dependencies\YamlDotNet\Unity.VisualScripting.YamlDotNet.dll
Symbol file LoadedFromMemory doesn't match image D:\Programs\Unity\Unity Project\Roguelike Shooting\shooting-roguelike\Library\PackageCache\com.unity.visualscripting@1.6.1\Editor\VisualScripting.Core\Dependencies\DotNetZip\Unity.VisualScripting.IonicZip.dll
Native extension for WindowsStandalone target not found
Refreshing native plugins compatible for Editor in 1.13 ms, found 4 plugins.
Preloading 0 native plugins for Editor in 0.00 ms.
Mono: successfully reloaded assembly
- Completed reload, in  1.290 seconds
Domain Reload Profiling:
	ReloadAssembly (1291ms)
		BeginReloadAssembly (132ms)
			ExecutionOrderSort (0ms)
			DisableScriptedObjects (10ms)
			BackupInstance (0ms)
			ReleaseScriptingObjects (0ms)
			CreateAndSetChildDomain (45ms)
		EndReloadAssembly (1095ms)
			LoadAssemblies (98ms)
			RebuildTransferFunctionScriptingTraits (0ms)
			SetupTypeCache (413ms)
			ReleaseScriptCaches (1ms)
			RebuildScriptCaches (50ms)
			SetupLoadedEditorAssemblies (406ms)
				LogAssemblyErrors (0ms)
				InitializePlatformSupportModulesInManaged (5ms)
				SetLoadedEditorAssemblies (0ms)
				RefreshPlugins (1ms)
				BeforeProcessingInitializeOnLoad (74ms)
				ProcessInitializeOnLoadAttributes (315ms)
				ProcessInitializeOnLoadMethodAttributes (8ms)
				AfterProcessingInitializeOnLoad (2ms)
				EditorAssembliesLoaded (0ms)
			ExecutionOrderSort2 (0ms)
			AwakeInstancesAfterBackupRestoration (22ms)
Platform modules already initialized, skipping
Refreshing native plugins compatible for Editor in 1.05 ms, found 4 plugins.
Preloading 0 native plugins for Editor in 0.00 ms.
Unloading 3701 Unused Serialized files (Serialized files now loaded: 0)
System memory in use before: 155.1 MB.
System memory in use after: 155.2 MB.

Unloading 25 unused Assets to reduce memory usage. Loaded Objects now: 4648.
Total: 3.892000 ms (FindLiveObjects: 0.337900 ms CreateObjectMapping: 0.199100 ms MarkObjects: 3.253800 ms  DeleteObjects: 0.100200 ms)

AssetImportParameters requested are different than current active one (requested -> active):
  custom:framework-win-MediaFoundation: 216162199b28c13a410421893ffa2e32 -> 
  custom:video-decoder-ogg-theora: a1e56fd34408186e4bbccfd4996cb3dc -> 
  custom:container-muxer-webm: aa71ff27fc2769a1b78a27578f13a17b -> 
  custom:container-demuxer-webm: 4f35f7cbe854078d1ac9338744f61a02 -> 
  custom:container-demuxer-ogg: 62fdf1f143b41e24485cea50d1cbac27 -> 
  custom:video-encoder-webm-vp8: eb34c28f22e8b96e1ab97ce403110664 -> 
  custom:video-decoder-webm-vp8: 9c59270c3fd7afecdb556c50c9e8de78 -> 
  custom:audio-decoder-ogg-vorbis: bf7c407c2cedff20999df2af8eb42d56 -> 
  custom:audio-encoder-webm-vorbis: bf7c407c2cedff20999df2af8eb42d56 -> 
========================================================================
Received Prepare
Registering precompiled user dll's ...
Registered in 0.006487 seconds.
Begin MonoManager ReloadAssembly
Symbol file LoadedFromMemory doesn't match image D:\Programs\Unity\Unity Project\Roguelike Shooting\shooting-roguelike\Library\PackageCache\com.unity.visualscripting@1.6.1\Editor\VisualScripting.Core\Dependencies\YamlDotNet\Unity.VisualScripting.YamlDotNet.dll
Symbol file LoadedFromMemory doesn't match image D:\Programs\Unity\Unity Project\Roguelike Shooting\shooting-roguelike\Library\PackageCache\com.unity.visualscripting@1.6.1\Editor\VisualScripting.Core\Dependencies\DotNetZip\Unity.VisualScripting.IonicZip.dll
Native extension for WindowsStandalone target not found
Refreshing native plugins compatible for Editor in 0.88 ms, found 4 plugins.
Preloading 0 native plugins for Editor in 0.00 ms.
Mono: successfully reloaded assembly
- Completed reload, in  1.158 seconds
Domain Reload Profiling:
	ReloadAssembly (1158ms)
		BeginReloadAssembly (122ms)
			ExecutionOrderSort (0ms)
			DisableScriptedObjects (10ms)
			BackupInstance (0ms)
			ReleaseScriptingObjects (0ms)
			CreateAndSetChildDomain (43ms)
		EndReloadAssembly (985ms)
			LoadAssemblies (88ms)
			RebuildTransferFunctionScriptingTraits (0ms)
			SetupTypeCache (352ms)
			ReleaseScriptCaches (1ms)
			RebuildScriptCaches (45ms)
			SetupLoadedEditorAssemblies (392ms)
				LogAssemblyErrors (0ms)
				InitializePlatformSupportModulesInManaged (4ms)
				SetLoadedEditorAssemblies (0ms)
				RefreshPlugins (1ms)
				BeforeProcessingInitializeOnLoad (60ms)
				ProcessInitializeOnLoadAttributes (315ms)
				ProcessInitializeOnLoadMethodAttributes (9ms)
				AfterProcessingInitializeOnLoad (2ms)
				EditorAssembliesLoaded (1ms)
			ExecutionOrderSort2 (0ms)
			AwakeInstancesAfterBackupRestoration (21ms)
Platform modules already initialized, skipping
Refreshing native plugins compatible for Editor in 1.59 ms, found 4 plugins.
Preloading 0 native plugins for Editor in 0.00 ms.
Unloading 3701 Unused Serialized files (Serialized files now loaded: 0)
System memory in use before: 155.1 MB.
System memory in use after: 155.2 MB.

Unloading 25 unused Assets to reduce memory usage. Loaded Objects now: 4651.
Total: 3.702500 ms (FindLiveObjects: 0.326300 ms CreateObjectMapping: 0.196400 ms MarkObjects: 3.074200 ms  DeleteObjects: 0.104600 ms)

AssetImportParameters requested are different than current active one (requested -> active):
  custom:framework-win-MediaFoundation: 216162199b28c13a410421893ffa2e32 -> 
  custom:video-decoder-ogg-theora: a1e56fd34408186e4bbccfd4996cb3dc -> 
  custom:container-muxer-webm: aa71ff27fc2769a1b78a27578f13a17b -> 
  custom:container-demuxer-webm: 4f35f7cbe854078d1ac9338744f61a02 -> 
  custom:container-demuxer-ogg: 62fdf1f143b41e24485cea50d1cbac27 -> 
  custom:video-encoder-webm-vp8: eb34c28f22e8b96e1ab97ce403110664 -> 
  custom:video-decoder-webm-vp8: 9c59270c3fd7afecdb556c50c9e8de78 -> 
  custom:audio-decoder-ogg-vorbis: bf7c407c2cedff20999df2af8eb42d56 -> 
  custom:audio-encoder-webm-vorbis: bf7c407c2cedff20999df2af8eb42d56 -> 
========================================================================
Received Import Request.
  Time since last request: 353.184577 seconds.
  path: Assets/Prefabs/Enemies/Enemy - Skull.prefab
  artifactKey: Guid(1dd188c890e72d64ca5225f6f545ade3) Importer(815301076,1909f56bfc062723c751e8b465ee728b)
Start importing Assets/Prefabs/Enemies/Enemy - Skull.prefab using Guid(1dd188c890e72d64ca5225f6f545ade3) Importer(815301076,1909f56bfc062723c751e8b465ee728b)  -> (artifact id: 'dc202abb2301737b4e07e41c14354d14') in 0.087543 seconds 
========================================================================
Received Import Request.
  Time since last request: 29.752166 seconds.
  path: Assets/Prefabs/Enemies/Enemy - Slime.prefab
  artifactKey: Guid(308e347980f50f9408f552962d17861e) Importer(815301076,1909f56bfc062723c751e8b465ee728b)
Start importing Assets/Prefabs/Enemies/Enemy - Slime.prefab using Guid(308e347980f50f9408f552962d17861e) Importer(815301076,1909f56bfc062723c751e8b465ee728b)  -> (artifact id: 'b7c378487c2f1b2c2329312a440f29db') in 0.032349 seconds 
========================================================================
Received Import Request.
  Time since last request: 11.140761 seconds.
  path: Assets/Prefabs/Enemies/Enemy - Slime.prefab
  artifactKey: Guid(308e347980f50f9408f552962d17861e) Importer(815301076,1909f56bfc062723c751e8b465ee728b)
Start importing Assets/Prefabs/Enemies/Enemy - Slime.prefab using Guid(308e347980f50f9408f552962d17861e) Importer(815301076,1909f56bfc062723c751e8b465ee728b)  -> (artifact id: '375ff72309fed01bc27d45457e4c108b') in 0.037483 seconds 
========================================================================
Received Import Request.
  Time since last request: 116.665395 seconds.
  path: Assets/Sprites/v1.1 dungeon crawler 16x16 pixel pack/enemies/flying creature/fly_anim_f0.png
  artifactKey: Guid(a5d0b542354c25c4384c1085f8e04a28) Importer(815301076,1909f56bfc062723c751e8b465ee728b)
Start importing Assets/Sprites/v1.1 dungeon crawler 16x16 pixel pack/enemies/flying creature/fly_anim_f0.png using Guid(a5d0b542354c25c4384c1085f8e04a28) Importer(815301076,1909f56bfc062723c751e8b465ee728b)  -> (artifact id: 'c967e63527b19713ef0170499de34fda') in 0.035470 seconds 
========================================================================
Received Import Request.
  Time since last request: 0.001874 seconds.
  path: Assets/Sprites/v1.1 dungeon crawler 16x16 pixel pack/enemies/flying creature/fly_anim_f2.png
  artifactKey: Guid(c91806f470036a946912fd180b4fce49) Importer(815301076,1909f56bfc062723c751e8b465ee728b)
Start importing Assets/Sprites/v1.1 dungeon crawler 16x16 pixel pack/enemies/flying creature/fly_anim_f2.png using Guid(c91806f470036a946912fd180b4fce49) Importer(815301076,1909f56bfc062723c751e8b465ee728b)  -> (artifact id: '56987ad8e22cea1502511d7457a994bd') in 0.011163 seconds 
========================================================================
Received Import Request.
  Time since last request: 0.000350 seconds.
  path: Assets/Sprites/v1.1 dungeon crawler 16x16 pixel pack/enemies/flying creature/fly_anim_spritesheet.png
  artifactKey: Guid(d437a77f51dc718459edc468c5af346f) Importer(815301076,1909f56bfc062723c751e8b465ee728b)
Start importing Assets/Sprites/v1.1 dungeon crawler 16x16 pixel pack/enemies/flying creature/fly_anim_spritesheet.png using Guid(d437a77f51dc718459edc468c5af346f) Importer(815301076,1909f56bfc062723c751e8b465ee728b)  -> (artifact id: '9c44ff4716fa1238370ddc13c94e3814') in 0.029676 seconds 
========================================================================
Received Import Request.
  Time since last request: 0.000364 seconds.
  path: Assets/Sprites/v1.1 dungeon crawler 16x16 pixel pack/enemies/flying creature/fly_anim_f1.png
  artifactKey: Guid(ffa3fa2468288504c8407e642fc24186) Importer(815301076,1909f56bfc062723c751e8b465ee728b)
Start importing Assets/Sprites/v1.1 dungeon crawler 16x16 pixel pack/enemies/flying creature/fly_anim_f1.png using Guid(ffa3fa2468288504c8407e642fc24186) Importer(815301076,1909f56bfc062723c751e8b465ee728b)  -> (artifact id: '73f55948183193639fe694fc92d14b87') in 0.016912 seconds 
========================================================================
Received Import Request.
  Time since last request: 0.000690 seconds.
  path: Assets/Sprites/v1.1 dungeon crawler 16x16 pixel pack/enemies/flying creature/fly_anim_f3.png
  artifactKey: Guid(aec5ab99d093c3e479b0d243d6e98615) Importer(815301076,1909f56bfc062723c751e8b465ee728b)
Start importing Assets/Sprites/v1.1 dungeon crawler 16x16 pixel pack/enemies/flying creature/fly_anim_f3.png using Guid(aec5ab99d093c3e479b0d243d6e98615) Importer(815301076,1909f56bfc062723c751e8b465ee728b)  -> (artifact id: '06a9562c9eb4c9b5f9058d63ab183a9e') in 0.012197 seconds 
========================================================================
Received Import Request.
  Time since last request: 123.839633 seconds.
  path: Assets/Prefabs/Pickups/Coin Pickups.prefab
  artifactKey: Guid(4d13c19cb7a9ee448a159d1614f93c1b) Importer(815301076,1909f56bfc062723c751e8b465ee728b)
Start importing Assets/Prefabs/Pickups/Coin Pickups.prefab using Guid(4d13c19cb7a9ee448a159d1614f93c1b) Importer(815301076,1909f56bfc062723c751e8b465ee728b)  -> (artifact id: '9a75dfd05c0ad08154ca953163987a0e') in 0.012443 seconds 
========================================================================
Received Import Request.
  Time since last request: 22.644045 seconds.
  path: Assets/Prefabs/Pickups/Coin Pickups.prefab
  artifactKey: Guid(4d13c19cb7a9ee448a159d1614f93c1b) Importer(815301076,1909f56bfc062723c751e8b465ee728b)
Start importing Assets/Prefabs/Pickups/Coin Pickups.prefab using Guid(4d13c19cb7a9ee448a159d1614f93c1b) Importer(815301076,1909f56bfc062723c751e8b465ee728b)  -> (artifact id: 'b76077c36510a38029189f445eb04827') in 0.007552 seconds 
========================================================================
Received Import Request.
  Time since last request: 190.599464 seconds.
  path: Assets/Sprites/2D Pixel Dungeon Asset Pack/items and trap_animation/flamethrower/flamethrower_1_1.png
  artifactKey: Guid(48cfe6cf61b2cf640ba27fa4785544b7) Importer(815301076,1909f56bfc062723c751e8b465ee728b)
Start importing Assets/Sprites/2D Pixel Dungeon Asset Pack/items and trap_animation/flamethrower/flamethrower_1_1.png using Guid(48cfe6cf61b2cf640ba27fa4785544b7) Importer(815301076,1909f56bfc062723c751e8b465ee728b)  -> (artifact id: '7599ed88cde49e8b40c36d84a0d370d0') in 0.030122 seconds 
========================================================================
Received Import Request.
  Time since last request: 0.001956 seconds.
  path: Assets/Sprites/2D Pixel Dungeon Asset Pack/items and trap_animation/flamethrower/flamethrower_1_2.png
  artifactKey: Guid(15ff2920b8249b0419cb276930713275) Importer(815301076,1909f56bfc062723c751e8b465ee728b)
Start importing Assets/Sprites/2D Pixel Dungeon Asset Pack/items and trap_animation/flamethrower/flamethrower_1_2.png using Guid(15ff2920b8249b0419cb276930713275) Importer(815301076,1909f56bfc062723c751e8b465ee728b)  -> (artifact id: '2e067d1ac32827484c3eb2efec573140') in 0.017256 seconds 
========================================================================
Received Import Request.
  Time since last request: 0.000386 seconds.
  path: Assets/Sprites/2D Pixel Dungeon Asset Pack/items and trap_animation/flamethrower/flamethrower_1_3.png
  artifactKey: Guid(99fc0df7bf3a4d64099412e3165257d9) Importer(815301076,1909f56bfc062723c751e8b465ee728b)
Start importing Assets/Sprites/2D Pixel Dungeon Asset Pack/items and trap_animation/flamethrower/flamethrower_1_3.png using Guid(99fc0df7bf3a4d64099412e3165257d9) Importer(815301076,1909f56bfc062723c751e8b465ee728b)  -> (artifact id: '4648538d58f5d96d3e8eab2281d8e28e') in 0.021093 seconds 
========================================================================
Received Import Request.
  Time since last request: 0.000376 seconds.
  path: Assets/Sprites/2D Pixel Dungeon Asset Pack/items and trap_animation/flamethrower/flamethrower_2_2.png
  artifactKey: Guid(19ead252319a18a4f87dbfa772eb19a6) Importer(815301076,1909f56bfc062723c751e8b465ee728b)
Start importing Assets/Sprites/2D Pixel Dungeon Asset Pack/items and trap_animation/flamethrower/flamethrower_2_2.png using Guid(19ead252319a18a4f87dbfa772eb19a6) Importer(815301076,1909f56bfc062723c751e8b465ee728b)  -> (artifact id: '72584904b09db82926714c6475f30c68') in 0.021283 seconds 
========================================================================
Received Import Request.
  Time since last request: 0.000356 seconds.
  path: Assets/Sprites/2D Pixel Dungeon Asset Pack/items and trap_animation/flamethrower/flamethrower_1_4.png
  artifactKey: Guid(3fc0d206db5aebc40b10bc906e80ade1) Importer(815301076,1909f56bfc062723c751e8b465ee728b)
Start importing Assets/Sprites/2D Pixel Dungeon Asset Pack/items and trap_animation/flamethrower/flamethrower_1_4.png using Guid(3fc0d206db5aebc40b10bc906e80ade1) Importer(815301076,1909f56bfc062723c751e8b465ee728b)  -> (artifact id: 'c7c598e9e203e9196588e4c6ec2303eb') in 0.015325 seconds 
========================================================================
Received Import Request.
  Time since last request: 0.000267 seconds.
  path: Assets/Sprites/2D Pixel Dungeon Asset Pack/items and trap_animation/flamethrower/flamethrower_2_3.png
  artifactKey: Guid(1fbb3bf7c828ee145aeaa79377399dc2) Importer(815301076,1909f56bfc062723c751e8b465ee728b)
Start importing Assets/Sprites/2D Pixel Dungeon Asset Pack/items and trap_animation/flamethrower/flamethrower_2_3.png using Guid(1fbb3bf7c828ee145aeaa79377399dc2) Importer(815301076,1909f56bfc062723c751e8b465ee728b)  -> (artifact id: '1aa9ef35677b3e02dce290ac35a4da75') in 0.022429 seconds 
========================================================================
Received Import Request.
  Time since last request: 0.000329 seconds.
  path: Assets/Sprites/2D Pixel Dungeon Asset Pack/items and trap_animation/flamethrower/flamethrower_2_4.png
  artifactKey: Guid(42f090660a0d35e4a91ae8d31b00418f) Importer(815301076,1909f56bfc062723c751e8b465ee728b)
Start importing Assets/Sprites/2D Pixel Dungeon Asset Pack/items and trap_animation/flamethrower/flamethrower_2_4.png using Guid(42f090660a0d35e4a91ae8d31b00418f) Importer(815301076,1909f56bfc062723c751e8b465ee728b)  -> (artifact id: 'a45ebf46497d0f98be86e3f7dd828a88') in 0.013767 seconds 
========================================================================
Received Import Request.
  Time since last request: 0.000207 seconds.
  path: Assets/Sprites/2D Pixel Dungeon Asset Pack/items and trap_animation/flamethrower/flamethrower_2_1.png
  artifactKey: Guid(e9134f42a9f747046b04e82ed9d07ef8) Importer(815301076,1909f56bfc062723c751e8b465ee728b)
Start importing Assets/Sprites/2D Pixel Dungeon Asset Pack/items and trap_animation/flamethrower/flamethrower_2_1.png using Guid(e9134f42a9f747046b04e82ed9d07ef8) Importer(815301076,1909f56bfc062723c751e8b465ee728b)  -> (artifact id: 'a0cb86d6d7f20df31f8bb56dfb566551') in 0.021168 seconds 
========================================================================
Received Prepare
Registering precompiled user dll's ...
Registered in 0.004433 seconds.
Begin MonoManager ReloadAssembly
Symbol file LoadedFromMemory doesn't match image D:\Programs\Unity\Unity Project\Roguelike Shooting\shooting-roguelike\Library\PackageCache\com.unity.visualscripting@1.6.1\Editor\VisualScripting.Core\Dependencies\YamlDotNet\Unity.VisualScripting.YamlDotNet.dll
Symbol file LoadedFromMemory doesn't match image D:\Programs\Unity\Unity Project\Roguelike Shooting\shooting-roguelike\Library\PackageCache\com.unity.visualscripting@1.6.1\Editor\VisualScripting.Core\Dependencies\DotNetZip\Unity.VisualScripting.IonicZip.dll
Native extension for WindowsStandalone target not found
Refreshing native plugins compatible for Editor in 0.88 ms, found 4 plugins.
Preloading 0 native plugins for Editor in 0.00 ms.
Mono: successfully reloaded assembly
- Completed reload, in  1.289 seconds
Domain Reload Profiling:
	ReloadAssembly (1289ms)
		BeginReloadAssembly (134ms)
			ExecutionOrderSort (0ms)
			DisableScriptedObjects (10ms)
			BackupInstance (0ms)
			ReleaseScriptingObjects (0ms)
			CreateAndSetChildDomain (45ms)
		EndReloadAssembly (1097ms)
			LoadAssemblies (99ms)
			RebuildTransferFunctionScriptingTraits (0ms)
			SetupTypeCache (412ms)
			ReleaseScriptCaches (1ms)
			RebuildScriptCaches (50ms)
			SetupLoadedEditorAssemblies (411ms)
				LogAssemblyErrors (0ms)
				InitializePlatformSupportModulesInManaged (4ms)
				SetLoadedEditorAssemblies (0ms)
				RefreshPlugins (1ms)
				BeforeProcessingInitializeOnLoad (64ms)
				ProcessInitializeOnLoadAttributes (329ms)
				ProcessInitializeOnLoadMethodAttributes (10ms)
				AfterProcessingInitializeOnLoad (2ms)
				EditorAssembliesLoaded (0ms)
			ExecutionOrderSort2 (0ms)
			AwakeInstancesAfterBackupRestoration (24ms)
Platform modules already initialized, skipping
Refreshing native plugins compatible for Editor in 1.13 ms, found 4 plugins.
Preloading 0 native plugins for Editor in 0.00 ms.
Unloading 3714 Unused Serialized files (Serialized files now loaded: 0)
System memory in use before: 160.8 MB.
System memory in use after: 160.9 MB.

Unloading 25 unused Assets to reduce memory usage. Loaded Objects now: 4856.
Total: 4.270700 ms (FindLiveObjects: 0.365100 ms CreateObjectMapping: 0.197900 ms MarkObjects: 3.579400 ms  DeleteObjects: 0.126800 ms)

AssetImportParameters requested are different than current active one (requested -> active):
  custom:framework-win-MediaFoundation: 216162199b28c13a410421893ffa2e32 -> 
  custom:video-decoder-ogg-theora: a1e56fd34408186e4bbccfd4996cb3dc -> 
  custom:container-muxer-webm: aa71ff27fc2769a1b78a27578f13a17b -> 
  custom:container-demuxer-webm: 4f35f7cbe854078d1ac9338744f61a02 -> 
  custom:container-demuxer-ogg: 62fdf1f143b41e24485cea50d1cbac27 -> 
  custom:video-encoder-webm-vp8: eb34c28f22e8b96e1ab97ce403110664 -> 
  custom:video-decoder-webm-vp8: 9c59270c3fd7afecdb556c50c9e8de78 -> 
  custom:audio-decoder-ogg-vorbis: bf7c407c2cedff20999df2af8eb42d56 -> 
  custom:audio-encoder-webm-vorbis: bf7c407c2cedff20999df2af8eb42d56 -> 
========================================================================
Received Prepare
Registering precompiled user dll's ...
Registered in 0.003101 seconds.
Begin MonoManager ReloadAssembly
Symbol file LoadedFromMemory doesn't match image D:\Programs\Unity\Unity Project\Roguelike Shooting\shooting-roguelike\Library\PackageCache\com.unity.visualscripting@1.6.1\Editor\VisualScripting.Core\Dependencies\YamlDotNet\Unity.VisualScripting.YamlDotNet.dll
Symbol file LoadedFromMemory doesn't match image D:\Programs\Unity\Unity Project\Roguelike Shooting\shooting-roguelike\Library\PackageCache\com.unity.visualscripting@1.6.1\Editor\VisualScripting.Core\Dependencies\DotNetZip\Unity.VisualScripting.IonicZip.dll
Native extension for WindowsStandalone target not found
Refreshing native plugins compatible for Editor in 0.86 ms, found 4 plugins.
Preloading 0 native plugins for Editor in 0.00 ms.
Mono: successfully reloaded assembly
- Completed reload, in  1.257 seconds
Domain Reload Profiling:
	ReloadAssembly (1257ms)
		BeginReloadAssembly (119ms)
			ExecutionOrderSort (0ms)
			DisableScriptedObjects (10ms)
			BackupInstance (0ms)
			ReleaseScriptingObjects (0ms)
			CreateAndSetChildDomain (37ms)
		EndReloadAssembly (1073ms)
			LoadAssemblies (99ms)
			RebuildTransferFunctionScriptingTraits (0ms)
			SetupTypeCache (414ms)
			ReleaseScriptCaches (1ms)
			RebuildScriptCaches (49ms)
			SetupLoadedEditorAssemblies (382ms)
				LogAssemblyErrors (0ms)
				InitializePlatformSupportModulesInManaged (4ms)
				SetLoadedEditorAssemblies (0ms)
				RefreshPlugins (1ms)
				BeforeProcessingInitializeOnLoad (66ms)
				ProcessInitializeOnLoadAttributes (299ms)
				ProcessInitializeOnLoadMethodAttributes (10ms)
				AfterProcessingInitializeOnLoad (2ms)
				EditorAssembliesLoaded (0ms)
			ExecutionOrderSort2 (0ms)
			AwakeInstancesAfterBackupRestoration (23ms)
Platform modules already initialized, skipping
Refreshing native plugins compatible for Editor in 0.97 ms, found 4 plugins.
Preloading 0 native plugins for Editor in 0.00 ms.
Unloading 3701 Unused Serialized files (Serialized files now loaded: 0)
System memory in use before: 160.4 MB.
System memory in use after: 160.5 MB.

Unloading 25 unused Assets to reduce memory usage. Loaded Objects now: 4859.
Total: 5.791400 ms (FindLiveObjects: 0.413200 ms CreateObjectMapping: 0.213500 ms MarkObjects: 5.022900 ms  DeleteObjects: 0.140700 ms)

AssetImportParameters requested are different than current active one (requested -> active):
  custom:framework-win-MediaFoundation: 216162199b28c13a410421893ffa2e32 -> 
  custom:video-decoder-ogg-theora: a1e56fd34408186e4bbccfd4996cb3dc -> 
  custom:container-muxer-webm: aa71ff27fc2769a1b78a27578f13a17b -> 
  custom:container-demuxer-webm: 4f35f7cbe854078d1ac9338744f61a02 -> 
  custom:container-demuxer-ogg: 62fdf1f143b41e24485cea50d1cbac27 -> 
  custom:video-encoder-webm-vp8: eb34c28f22e8b96e1ab97ce403110664 -> 
  custom:video-decoder-webm-vp8: 9c59270c3fd7afecdb556c50c9e8de78 -> 
  custom:audio-decoder-ogg-vorbis: bf7c407c2cedff20999df2af8eb42d56 -> 
  custom:audio-encoder-webm-vorbis: bf7c407c2cedff20999df2af8eb42d56 -> 
========================================================================
Received Prepare
Registering precompiled user dll's ...
Registered in 0.003491 seconds.
Begin MonoManager ReloadAssembly
Symbol file LoadedFromMemory doesn't match image D:\Programs\Unity\Unity Project\Roguelike Shooting\shooting-roguelike\Library\PackageCache\com.unity.visualscripting@1.6.1\Editor\VisualScripting.Core\Dependencies\YamlDotNet\Unity.VisualScripting.YamlDotNet.dll
Symbol file LoadedFromMemory doesn't match image D:\Programs\Unity\Unity Project\Roguelike Shooting\shooting-roguelike\Library\PackageCache\com.unity.visualscripting@1.6.1\Editor\VisualScripting.Core\Dependencies\DotNetZip\Unity.VisualScripting.IonicZip.dll
Native extension for WindowsStandalone target not found
Refreshing native plugins compatible for Editor in 1.12 ms, found 4 plugins.
Preloading 0 native plugins for Editor in 0.00 ms.
Mono: successfully reloaded assembly
- Completed reload, in  1.247 seconds
Domain Reload Profiling:
	ReloadAssembly (1248ms)
		BeginReloadAssembly (124ms)
			ExecutionOrderSort (0ms)
			DisableScriptedObjects (10ms)
			BackupInstance (0ms)
			ReleaseScriptingObjects (0ms)
			CreateAndSetChildDomain (39ms)
		EndReloadAssembly (1065ms)
			LoadAssemblies (95ms)
			RebuildTransferFunctionScriptingTraits (0ms)
			SetupTypeCache (378ms)
			ReleaseScriptCaches (1ms)
			RebuildScriptCaches (48ms)
			SetupLoadedEditorAssemblies (414ms)
				LogAssemblyErrors (0ms)
				InitializePlatformSupportModulesInManaged (5ms)
				SetLoadedEditorAssemblies (0ms)
				RefreshPlugins (1ms)
				BeforeProcessingInitializeOnLoad (73ms)
				ProcessInitializeOnLoadAttributes (325ms)
				ProcessInitializeOnLoadMethodAttributes (8ms)
				AfterProcessingInitializeOnLoad (2ms)
				EditorAssembliesLoaded (0ms)
			ExecutionOrderSort2 (0ms)
			AwakeInstancesAfterBackupRestoration (24ms)
Platform modules already initialized, skipping
Refreshing native plugins compatible for Editor in 1.14 ms, found 4 plugins.
Preloading 0 native plugins for Editor in 0.00 ms.
Unloading 3701 Unused Serialized files (Serialized files now loaded: 0)
System memory in use before: 160.4 MB.
System memory in use after: 160.5 MB.

Unloading 25 unused Assets to reduce memory usage. Loaded Objects now: 4862.
Total: 6.943100 ms (FindLiveObjects: 0.324700 ms CreateObjectMapping: 0.141000 ms MarkObjects: 6.204300 ms  DeleteObjects: 0.271100 ms)

AssetImportParameters requested are different than current active one (requested -> active):
  custom:framework-win-MediaFoundation: 216162199b28c13a410421893ffa2e32 -> 
  custom:video-decoder-ogg-theora: a1e56fd34408186e4bbccfd4996cb3dc -> 
  custom:container-muxer-webm: aa71ff27fc2769a1b78a27578f13a17b -> 
  custom:container-demuxer-webm: 4f35f7cbe854078d1ac9338744f61a02 -> 
  custom:container-demuxer-ogg: 62fdf1f143b41e24485cea50d1cbac27 -> 
  custom:video-encoder-webm-vp8: eb34c28f22e8b96e1ab97ce403110664 -> 
  custom:video-decoder-webm-vp8: 9c59270c3fd7afecdb556c50c9e8de78 -> 
  custom:audio-decoder-ogg-vorbis: bf7c407c2cedff20999df2af8eb42d56 -> 
  custom:audio-encoder-webm-vorbis: bf7c407c2cedff20999df2af8eb42d56 -> 
========================================================================
Received Import Request.
  Time since last request: 599.060779 seconds.
  path: Assets/Animations/flamethrower.controller
  artifactKey: Guid(c4519f85eb7779941b5b197754454806) Importer(815301076,1909f56bfc062723c751e8b465ee728b)
Start importing Assets/Animations/flamethrower.controller using Guid(c4519f85eb7779941b5b197754454806) Importer(815301076,1909f56bfc062723c751e8b465ee728b)  -> (artifact id: 'c2ba63a70ac034b104f5bfb4cdae58e0') in 0.030788 seconds 
